{"level":"fatal","timestamp":"2024-06-03T21:29:22.020Z","msg":"Error unknown database name","Database name":"postgrfes"}
{"level":"error","timestamp":"2024-08-18T17:26:53.229Z","msg":"Failed to close user session","error":"internal provider error : internal token storage error: %!w(<nil>)","User ID":"88670bd3-1c82-4049-addb-d6714a220639","User Role":"User"}
{"level":"info","timestamp":"2024-08-18T17:27:06.852Z","msg":"User successfully registered","User ID":"3d2b9e1a-c559-4564-b749-c0c4331cd7fe"}
{"level":"info","timestamp":"2024-08-18T17:27:09.416Z","msg":"User successfully authorized","User ID":"3d2b9e1a-c559-4564-b749-c0c4331cd7fe","User Role":"User"}
{"level":"error","timestamp":"2024-08-18T17:27:30.458Z","msg":"Failed to close user session","error":"internal provider error : internal token storage error: %!w(<nil>)","User ID":"3d2b9e1a-c559-4564-b749-c0c4331cd7fe","User Role":"User"}
{"level":"info","timestamp":"2024-08-18T17:30:13.812Z","msg":"User successfully registered","User ID":"4ceed9fe-70c6-461c-bc0c-0057a359996e"}
{"level":"info","timestamp":"2024-08-18T17:30:15.869Z","msg":"User successfully authorized","User ID":"4ceed9fe-70c6-461c-bc0c-0057a359996e","User Role":"User"}
{"level":"error","timestamp":"2024-08-18T17:30:23.108Z","msg":"Failed to close user session","error":"internal token storage error: %!w(<nil>)","User ID":"4ceed9fe-70c6-461c-bc0c-0057a359996e","User Role":"User"}
{"level":"info","timestamp":"2024-08-18T17:32:22.598Z","msg":"User successfully registered","User ID":"6b89fdeb-28b6-421c-9fd0-38104bccb55d"}
{"level":"info","timestamp":"2024-08-18T17:32:24.453Z","msg":"User successfully authorized","User ID":"6b89fdeb-28b6-421c-9fd0-38104bccb55d","User Role":"User"}
{"level":"error","timestamp":"2024-08-18T17:32:39.277Z","msg":"Failed to close user session","error":"internal token storage error: %!w(<nil>)","User ID":"6b89fdeb-28b6-421c-9fd0-38104bccb55d","User Role":"User"}
{"level":"info","timestamp":"2024-08-18T18:05:50.930Z","msg":"User successfully registered","User ID":"f4428063-4ced-42e8-ac0a-0e27fcbeeb50"}
{"level":"info","timestamp":"2024-08-18T18:05:53.104Z","msg":"User successfully authorized","User ID":"f4428063-4ced-42e8-ac0a-0e27fcbeeb50","User Role":"User"}
{"level":"info","timestamp":"2024-08-18T18:57:54.538Z","msg":"User successfully registered","User ID":"c200471f-dcc2-4d51-ab83-0099011d0373"}
{"level":"info","timestamp":"2024-08-18T18:57:57.774Z","msg":"User successfully authorized","User ID":"c200471f-dcc2-4d51-ab83-0099011d0373","User Role":"User"}
{"level":"error","timestamp":"2024-08-18T18:58:03.482Z","msg":"Failed to close session for user","error":"can't parse token"}
{"level":"fatal","timestamp":"2024-08-25T20:13:33.019Z","msg":"Error connecting postgres","error":"failed to connect to `host=db user=guest database=sigmamusic`: failed SASL auth (FATAL: password authentication failed for user \"guest\" (SQLSTATE 28P01))"}
{"level":"fatal","timestamp":"2024-08-25T20:15:57.331Z","msg":"Error connecting postgres","error":"failed to connect to `host=db user=guest database=sigmamusic`: failed SASL auth (FATAL: password authentication failed for user \"guest\" (SQLSTATE 28P01))"}
{"level":"fatal","timestamp":"2024-08-25T20:19:42.542Z","msg":"Error connecting postgres","error":"failed to connect to `host=db user=guest database=sigmamusic`: failed SASL auth (FATAL: password authentication failed for user \"guest\" (SQLSTATE 28P01))"}
{"level":"fatal","timestamp":"2024-08-25T20:21:12.092Z","msg":"Error connecting postgres","error":"failed to connect to `host=db user=users database=sigmamusic`: failed SASL auth (FATAL: password authentication failed for user \"users\" (SQLSTATE 28P01))"}
{"level":"info","timestamp":"2024-08-25T20:24:29.450Z","msg":"User successfully registered","User ID":"c23e7e7a-0649-4c8a-9cae-2d42af81eef4"}
{"level":"info","timestamp":"2024-08-25T20:25:03.302Z","msg":"User successfully authorized","User ID":"c23e7e7a-0649-4c8a-9cae-2d42af81eef4","User Role":"User"}
{"level":"info","timestamp":"2024-08-25T20:25:03.303Z","msg":"Token successfully verified for user","User ID":"c23e7e7a-0649-4c8a-9cae-2d42af81eef4","User Role":"User"}
{"level":"info","timestamp":"2024-08-25T20:25:24.780Z","msg":"Musician successfully registered","Musician ID":"953f95f4-2cd2-41fc-9a01-1969f6fe2f06"}
{"level":"error","timestamp":"2024-08-25T20:25:36.778Z","msg":"Failed to authorize user","error":"authentication error: incorrect name","User Name":"Musicin"}
{"level":"error","timestamp":"2024-08-25T20:25:44.157Z","msg":"Failed to authorize user","error":"authentication error: incorrect name","User Name":"Musician"}
{"level":"info","timestamp":"2024-08-25T20:25:48.029Z","msg":"User successfully authorized","User ID":"953f95f4-2cd2-41fc-9a01-1969f6fe2f06","User Role":"Musician"}
{"level":"info","timestamp":"2024-08-25T20:25:48.029Z","msg":"Token successfully verified for user","User ID":"953f95f4-2cd2-41fc-9a01-1969f6fe2f06","User Role":"Musician"}
{"level":"error","timestamp":"2024-08-25T20:25:59.910Z","msg":"Failed to create new album","error":"album repository internal error: ERROR: permission denied for table album_musician (SQLSTATE 42501)"}
{"level":"info","timestamp":"2024-08-25T20:29:03.573Z","msg":"Musician successfully registered","Musician ID":"b6c309cb-05ff-4e02-b4ce-a03f57a7e20d"}
{"level":"info","timestamp":"2024-08-25T20:29:08.588Z","msg":"User successfully authorized","User ID":"b6c309cb-05ff-4e02-b4ce-a03f57a7e20d","User Role":"Musician"}
{"level":"info","timestamp":"2024-08-25T20:29:08.590Z","msg":"Token successfully verified for user","User ID":"b6c309cb-05ff-4e02-b4ce-a03f57a7e20d","User Role":"Musician"}
{"level":"error","timestamp":"2024-08-25T20:29:12.896Z","msg":"Failed to create new album","error":"album repository internal error: ERROR: permission denied for table album_musician (SQLSTATE 42501)"}
{"level":"info","timestamp":"2024-08-25T20:31:58.508Z","msg":"Musician successfully registered","Musician ID":"2fbb987c-01a7-46e6-bceb-a2e85653ad66"}
{"level":"error","timestamp":"2024-08-25T20:32:01.194Z","msg":"Failed to authorize user","error":"authentication error: incorrect password","User Name":"Timur"}
{"level":"info","timestamp":"2024-08-25T20:32:03.716Z","msg":"User successfully authorized","User ID":"2fbb987c-01a7-46e6-bceb-a2e85653ad66","User Role":"Musician"}
{"level":"info","timestamp":"2024-08-25T20:32:03.716Z","msg":"Token successfully verified for user","User ID":"2fbb987c-01a7-46e6-bceb-a2e85653ad66","User Role":"Musician"}
{"level":"info","timestamp":"2024-08-25T20:32:07.540Z","msg":"Album successfully created","Album ID":"cb171f7d-416b-4c3c-9d5f-f3115dfb3d2b","Album Name":"a"}
{"level":"error","timestamp":"2024-08-25T20:32:14.073Z","msg":"Failed to get musician own albums","error":"album repository internal error: ERROR: permission denied for table album_musician (SQLSTATE 42501)"}
{"level":"info","timestamp":"2024-08-25T20:32:14.073Z","msg":"Successfully received own musician albums","Musician ID":"2fbb987c-01a7-46e6-bceb-a2e85653ad66"}
{"level":"error","timestamp":"2024-08-25T20:32:48.378Z","msg":"Failed to get musician own albums","error":"album repository internal error: ERROR: permission denied for table album_musician (SQLSTATE 42501)"}
{"level":"info","timestamp":"2024-08-25T20:32:48.378Z","msg":"Successfully received own musician albums","Musician ID":"2fbb987c-01a7-46e6-bceb-a2e85653ad66"}
{"level":"info","timestamp":"2024-08-25T20:33:56.053Z","msg":"Musician successfully registered","Musician ID":"a6f29def-8ae6-465b-b491-63f26cba2bf8"}
{"level":"info","timestamp":"2024-08-25T20:34:00.529Z","msg":"User successfully authorized","User ID":"a6f29def-8ae6-465b-b491-63f26cba2bf8","User Role":"Musician"}
{"level":"info","timestamp":"2024-08-25T20:34:00.529Z","msg":"Token successfully verified for user","User ID":"a6f29def-8ae6-465b-b491-63f26cba2bf8","User Role":"Musician"}
{"level":"info","timestamp":"2024-08-25T20:34:04.426Z","msg":"Album successfully created","Album ID":"12eccfab-1fc3-4769-b82f-10d7f1db0e0c","Album Name":"a"}
{"level":"info","timestamp":"2024-08-25T20:34:05.874Z","msg":"Successfully received own musician albums","Musician ID":"a6f29def-8ae6-465b-b491-63f26cba2bf8"}
{"level":"error","timestamp":"2024-08-25T20:35:09.186Z","msg":"Failed to get musician by album ID","error":"musician repository internal error: ERROR: permission denied for table album_musician (SQLSTATE 42501)","Album ID":"12eccfab-1fc3-4769-b82f-10d7f1db0e0c"}
{"level":"error","timestamp":"2024-08-25T20:36:53.002Z","msg":"Failed to get musician by album ID","error":"musician repository internal error: ERROR: permission denied for table album_musician (SQLSTATE 42501)","Album ID":"12eccfab-1fc3-4769-b82f-10d7f1db0e0c"}
{"level":"info","timestamp":"2024-08-25T20:39:30.553Z","msg":"Musician successfully registered","Musician ID":"4dc52b1c-817c-4fb6-b05d-5e219475fb5f"}
{"level":"info","timestamp":"2024-08-25T20:39:32.693Z","msg":"User successfully authorized","User ID":"4dc52b1c-817c-4fb6-b05d-5e219475fb5f","User Role":"Musician"}
{"level":"info","timestamp":"2024-08-25T20:39:32.693Z","msg":"Token successfully verified for user","User ID":"4dc52b1c-817c-4fb6-b05d-5e219475fb5f","User Role":"Musician"}
{"level":"info","timestamp":"2024-08-25T20:39:41.841Z","msg":"Album successfully created","Album ID":"88ce2e2d-f137-4fea-b265-eff3ca4a5a91","Album Name":"a"}
{"level":"info","timestamp":"2024-08-25T20:40:09.027Z","msg":"Successfully received own musician albums","Musician ID":"4dc52b1c-817c-4fb6-b05d-5e219475fb5f"}
{"level":"info","timestamp":"2024-08-25T20:40:40.035Z","msg":"Musician successfully received by album ID","Album ID":"88ce2e2d-f137-4fea-b265-eff3ca4a5a91"}
{"level":"info","timestamp":"2024-08-25T20:43:40.133Z","msg":"Musician successfully registered","Musician ID":"92297224-bc6b-463c-9142-7651bdd9ed20"}
{"level":"info","timestamp":"2024-08-25T20:43:43.277Z","msg":"User successfully authorized","User ID":"92297224-bc6b-463c-9142-7651bdd9ed20","User Role":"Musician"}
{"level":"info","timestamp":"2024-08-25T20:43:43.278Z","msg":"Token successfully verified for user","User ID":"92297224-bc6b-463c-9142-7651bdd9ed20","User Role":"Musician"}
{"level":"info","timestamp":"2024-08-25T20:43:47.766Z","msg":"Album successfully created","Album ID":"3de95252-b1c8-44d9-940f-260bddea63e5","Album Name":"a"}
{"level":"info","timestamp":"2024-08-25T20:43:51.206Z","msg":"Successfully received own musician albums","Musician ID":"92297224-bc6b-463c-9142-7651bdd9ed20"}
{"level":"info","timestamp":"2024-08-25T20:44:00.509Z","msg":"Album successfully created","Album ID":"007bc578-a350-41c8-8e03-1071fe458923","Album Name":""}
{"level":"info","timestamp":"2024-08-25T20:44:03.583Z","msg":"Successfully received own musician albums","Musician ID":"92297224-bc6b-463c-9142-7651bdd9ed20"}
{"level":"info","timestamp":"2024-08-25T20:44:30.321Z","msg":"Musician successfully received by album ID","Album ID":"3de95252-b1c8-44d9-940f-260bddea63e5"}
{"level":"info","timestamp":"2024-08-25T20:44:30.396Z","msg":"Genres successfully added for track","Track ID":"2920017a-be19-4666-a3ab-582905cff627"}
{"level":"info","timestamp":"2024-08-25T20:44:30.396Z","msg":"Track successfully created","Track ID":"2920017a-be19-4666-a3ab-582905cff627","Album ID":"3de95252-b1c8-44d9-940f-260bddea63e5","Track name":"t","Track URL":"http://minio:9000/music/2920017a-be19-4666-a3ab-582905cff627"}
{"level":"info","timestamp":"2024-08-25T20:44:44.541Z","msg":"Own tracks successfully received by musician ID","Musician ID":"92297224-bc6b-463c-9142-7651bdd9ed20"}
{"level":"info","timestamp":"2024-08-25T20:44:59.739Z","msg":"Successfully received own musician albums","Musician ID":"92297224-bc6b-463c-9142-7651bdd9ed20"}
{"level":"info","timestamp":"2024-08-25T20:45:13.741Z","msg":"Successfully published album","Album ID":"3de95252-b1c8-44d9-940f-260bddea63e5"}
{"level":"info","timestamp":"2024-08-25T20:45:33.659Z","msg":"User successfully registered","User ID":"2141ab8c-fb48-4a09-aae3-39f0f6994dcc"}
{"level":"info","timestamp":"2024-08-25T20:45:35.568Z","msg":"User successfully authorized","User ID":"2141ab8c-fb48-4a09-aae3-39f0f6994dcc","User Role":"User"}
{"level":"info","timestamp":"2024-08-25T20:45:35.568Z","msg":"Token successfully verified for user","User ID":"2141ab8c-fb48-4a09-aae3-39f0f6994dcc","User Role":"User"}
{"level":"error","timestamp":"2024-08-25T20:46:08.192Z","msg":"Failed to add track to statistics","error":"internal statistics repository error: ERROR: permission denied for sequence users_history_id_seq (SQLSTATE 42501)","User ID":"2141ab8c-fb48-4a09-aae3-39f0f6994dcc","Track ID":"2920017a-be19-4666-a3ab-582905cff627"}
{"level":"info","timestamp":"2024-08-25T20:49:11.314Z","msg":"Musician successfully registered","Musician ID":"a97cdf3d-7769-485f-928a-ab4a181407b8"}
{"level":"info","timestamp":"2024-08-25T20:49:12.983Z","msg":"User successfully authorized","User ID":"a97cdf3d-7769-485f-928a-ab4a181407b8","User Role":"Musician"}
{"level":"info","timestamp":"2024-08-25T20:49:12.988Z","msg":"Token successfully verified for user","User ID":"a97cdf3d-7769-485f-928a-ab4a181407b8","User Role":"Musician"}
{"level":"info","timestamp":"2024-08-25T20:49:17.693Z","msg":"Album successfully created","Album ID":"2996971e-0e6b-4d65-890f-91eb9dd9663a","Album Name":"a"}
{"level":"info","timestamp":"2024-08-25T20:49:22.687Z","msg":"Successfully received own musician albums","Musician ID":"a97cdf3d-7769-485f-928a-ab4a181407b8"}
{"level":"info","timestamp":"2024-08-25T20:50:11.744Z","msg":"Musician successfully received by album ID","Album ID":"2996971e-0e6b-4d65-890f-91eb9dd9663a"}
{"level":"info","timestamp":"2024-08-25T20:50:11.793Z","msg":"Genres successfully added for track","Track ID":"1621b5f0-5d5d-4107-8436-ed00b39d5e8d"}
{"level":"info","timestamp":"2024-08-25T20:50:11.793Z","msg":"Track successfully created","Track ID":"1621b5f0-5d5d-4107-8436-ed00b39d5e8d","Album ID":"2996971e-0e6b-4d65-890f-91eb9dd9663a","Track name":"t","Track URL":"http://minio:9000/music/1621b5f0-5d5d-4107-8436-ed00b39d5e8d"}
{"level":"info","timestamp":"2024-08-25T20:50:21.920Z","msg":"Successfully received own musician albums","Musician ID":"a97cdf3d-7769-485f-928a-ab4a181407b8"}
{"level":"info","timestamp":"2024-08-25T20:50:29.205Z","msg":"Successfully published album","Album ID":"2996971e-0e6b-4d65-890f-91eb9dd9663a"}
{"level":"error","timestamp":"2024-08-25T20:50:40.531Z","msg":"Failed to authorize user","error":"authentication error: incorrect name","User Name":"1"}
{"level":"info","timestamp":"2024-08-25T20:50:52.170Z","msg":"User successfully registered","User ID":"bd857355-393f-4144-86c2-dd79424d977e"}
{"level":"info","timestamp":"2024-08-25T20:50:55.362Z","msg":"User successfully authorized","User ID":"bd857355-393f-4144-86c2-dd79424d977e","User Role":"User"}
{"level":"info","timestamp":"2024-08-25T20:50:55.364Z","msg":"Token successfully verified for user","User ID":"bd857355-393f-4144-86c2-dd79424d977e","User Role":"User"}
{"level":"info","timestamp":"2024-08-25T20:51:08.246Z","msg":"Track successfully added to statistics","User ID":"bd857355-393f-4144-86c2-dd79424d977e","Track ID":"1621b5f0-5d5d-4107-8436-ed00b39d5e8d"}
{"level":"info","timestamp":"2024-08-25T20:51:11.038Z","msg":"Musician successfully received by id","Musician ID":"a97cdf3d-7769-485f-928a-ab4a181407b8"}
{"level":"info","timestamp":"2024-08-25T20:51:11.039Z","msg":"Genre successfully received by ID","Genre ID":"10fa6ab2-1b08-4b8c-aadb-b03c1cfd7b06"}
{"level":"info","timestamp":"2024-08-25T20:51:11.039Z","msg":"Report successfully created","User ID":"bd857355-393f-4144-86c2-dd79424d977e"}
{"level":"info","timestamp":"2024-08-25T20:51:21.772Z","msg":"Comment successfully posted","Comment ID":"84c6f5f4-3e41-4478-ba1b-cdd5ddac8334","User ID":"bd857355-393f-4144-86c2-dd79424d977e","Track ID":"1621b5f0-5d5d-4107-8436-ed00b39d5e8d"}
{"level":"info","timestamp":"2024-08-25T20:51:29.341Z","msg":"Comments successfully received by track ID","Track ID":"1621b5f0-5d5d-4107-8436-ed00b39d5e8d"}
{"level":"info","timestamp":"2024-09-01T09:45:02.524Z","msg":"User successfully registered","User ID":"28e5d7d1-5777-4a49-94b6-83258082b29a"}
{"level":"info","timestamp":"2024-09-01T09:45:22.172Z","msg":"User successfully authorized","User ID":"28e5d7d1-5777-4a49-94b6-83258082b29a","User Role":"User"}
{"level":"info","timestamp":"2024-09-01T09:45:22.173Z","msg":"Token successfully verified for user","User ID":"28e5d7d1-5777-4a49-94b6-83258082b29a","User Role":"User"}
{"level":"info","timestamp":"2024-09-06T07:31:20.374Z","msg":"Musician successfully registered","Musician ID":"ba94bcee-79b3-41a2-99bf-3c3325486255"}
{"level":"info","timestamp":"2024-09-06T07:31:24.446Z","msg":"User successfully authorized","User ID":"ba94bcee-79b3-41a2-99bf-3c3325486255","User Role":"Musician"}
{"level":"info","timestamp":"2024-09-06T07:31:24.446Z","msg":"Token successfully verified for user","User ID":"ba94bcee-79b3-41a2-99bf-3c3325486255","User Role":"Musician"}
{"level":"info","timestamp":"2024-09-08T14:57:49.138Z","msg":"Musician successfully registered","Musician ID":"b4a73112-2074-4160-b195-fa7c8c08580e"}
{"level":"info","timestamp":"2024-09-08T14:57:56.645Z","msg":"User successfully authorized","User ID":"b4a73112-2074-4160-b195-fa7c8c08580e","User Role":"Musician"}
{"level":"info","timestamp":"2024-09-08T14:57:56.646Z","msg":"Token successfully verified for user","User ID":"b4a73112-2074-4160-b195-fa7c8c08580e","User Role":"Musician"}
{"level":"info","timestamp":"2024-09-08T14:58:25.286Z","msg":"Album successfully created","Album ID":"65466284-12d6-4a5e-837f-f16eb2092963","Album Name":"New"}
{"level":"info","timestamp":"2024-09-08T14:59:42.788Z","msg":"Successfully received own musician albums","Musician ID":"b4a73112-2074-4160-b195-fa7c8c08580e"}
{"level":"info","timestamp":"2024-09-08T15:00:07.590Z","msg":"Musician successfully received by album ID","Album ID":"65466284-12d6-4a5e-837f-f16eb2092963"}
{"level":"error","timestamp":"2024-09-08T15:00:07.637Z","msg":"Failed to create track","error":"internal track repository error: ERROR: null value in column \"avg_stars\" of relation \"tracks\" violates not-null constraint (SQLSTATE 23502)","Track ID":"00000000-0000-0000-0000-000000000000","Album ID":"65466284-12d6-4a5e-837f-f16eb2092963","Track name":"track","Track URL":""}
{"level":"info","timestamp":"2024-09-08T15:08:30.560Z","msg":"Musician successfully registered","Musician ID":"c4c0cbfc-bd55-48c3-9ae8-027cbba97a80"}
{"level":"info","timestamp":"2024-09-08T15:08:35.123Z","msg":"User successfully authorized","User ID":"c4c0cbfc-bd55-48c3-9ae8-027cbba97a80","User Role":"Musician"}
{"level":"info","timestamp":"2024-09-08T15:08:35.124Z","msg":"Token successfully verified for user","User ID":"c4c0cbfc-bd55-48c3-9ae8-027cbba97a80","User Role":"Musician"}
{"level":"info","timestamp":"2024-09-08T15:08:41.419Z","msg":"Album successfully created","Album ID":"095e85fb-7c5f-4034-b585-99d9331db127","Album Name":"New"}
{"level":"info","timestamp":"2024-09-08T15:08:44.370Z","msg":"Successfully received own musician albums","Musician ID":"c4c0cbfc-bd55-48c3-9ae8-027cbba97a80"}
{"level":"info","timestamp":"2024-09-08T15:09:01.657Z","msg":"Musician successfully received by album ID","Album ID":"095e85fb-7c5f-4034-b585-99d9331db127"}
{"level":"info","timestamp":"2024-09-08T15:09:01.709Z","msg":"Genres successfully added for track","Track ID":"fba4ac83-57c7-4be2-a540-1ac05cc7ebef"}
{"level":"info","timestamp":"2024-09-08T15:09:01.709Z","msg":"Track successfully created","Track ID":"fba4ac83-57c7-4be2-a540-1ac05cc7ebef","Album ID":"095e85fb-7c5f-4034-b585-99d9331db127","Track name":"track","Track URL":"http://minio:9000/music/fba4ac83-57c7-4be2-a540-1ac05cc7ebef"}
{"level":"info","timestamp":"2024-09-08T15:09:10.167Z","msg":"Own tracks successfully received by musician ID","Musician ID":"c4c0cbfc-bd55-48c3-9ae8-027cbba97a80"}
{"level":"info","timestamp":"2024-09-08T15:09:46.725Z","msg":"Successfully published album","Album ID":"095e85fb-7c5f-4034-b585-99d9331db127"}
{"level":"info","timestamp":"2024-09-08T15:10:03.169Z","msg":"Own tracks successfully received by musician ID","Musician ID":"c4c0cbfc-bd55-48c3-9ae8-027cbba97a80"}
{"level":"info","timestamp":"2024-09-09T07:55:40.475Z","msg":"Musician successfully registered","Musician ID":"5897c640-a26e-497f-b5b1-8140acc858e4"}
{"level":"info","timestamp":"2024-09-09T07:55:58.567Z","msg":"User successfully registered","User ID":"81d9793b-494a-4518-b1d8-2ce4f8eafd0d"}
{"level":"info","timestamp":"2024-09-09T07:56:02.286Z","msg":"User successfully authorized","User ID":"81d9793b-494a-4518-b1d8-2ce4f8eafd0d","User Role":"User"}
{"level":"info","timestamp":"2024-09-09T07:56:02.287Z","msg":"Token successfully verified for user","User ID":"81d9793b-494a-4518-b1d8-2ce4f8eafd0d","User Role":"User"}
{"level":"error","timestamp":"2024-09-09T07:56:18.720Z","msg":"Failed to register musician","error":"user repository internal error: ERROR: invalid input value for enum country_t: \"russia\" (SQLSTATE 22P02)"}
{"level":"error","timestamp":"2024-09-09T08:02:37.411Z","msg":"Failed to register musician","error":"such country doesn't exists: ERROR: invalid input value for enum country_t: \"russia\" (SQLSTATE 22P02)"}
{"level":"info","timestamp":"2024-09-09T08:03:47.862Z","msg":"User successfully registered","User ID":"6f41cdb9-2fca-495e-b59f-5bf0c7753320"}
{"level":"info","timestamp":"2024-09-09T08:03:51.438Z","msg":"User successfully authorized","User ID":"6f41cdb9-2fca-495e-b59f-5bf0c7753320","User Role":"User"}
{"level":"info","timestamp":"2024-09-09T08:03:51.438Z","msg":"Token successfully verified for user","User ID":"6f41cdb9-2fca-495e-b59f-5bf0c7753320","User Role":"User"}
{"level":"info","timestamp":"2024-09-09T08:18:55.794Z","msg":"Musician successfully registered","Musician ID":"2d7e71b9-0f69-4a76-9b7b-d9d2bc9bc0d8"}
{"level":"info","timestamp":"2024-09-09T08:19:00.361Z","msg":"User successfully authorized","User ID":"2d7e71b9-0f69-4a76-9b7b-d9d2bc9bc0d8","User Role":"Musician"}
{"level":"info","timestamp":"2024-09-09T08:19:00.362Z","msg":"Token successfully verified for user","User ID":"2d7e71b9-0f69-4a76-9b7b-d9d2bc9bc0d8","User Role":"Musician"}
{"level":"info","timestamp":"2024-09-09T08:19:08.542Z","msg":"Album successfully created","Album ID":"a841953e-20ec-4bfc-b4f0-9445c57a798b","Album Name":"new"}
{"level":"info","timestamp":"2024-09-09T08:19:14.566Z","msg":"Successfully received own musician albums","Musician ID":"2d7e71b9-0f69-4a76-9b7b-d9d2bc9bc0d8"}
{"level":"info","timestamp":"2024-09-09T08:19:47.735Z","msg":"Musician successfully received by album ID","Album ID":"a841953e-20ec-4bfc-b4f0-9445c57a798b"}
{"level":"error","timestamp":"2024-09-09T08:19:48.021Z","msg":"Failed to create track","error":"internal track repository error: ERROR: could not extend file \"base/16384/16622\": No space left on device (SQLSTATE 53100)","Track ID":"00000000-0000-0000-0000-000000000000","Album ID":"a841953e-20ec-4bfc-b4f0-9445c57a798b","Track name":"track","Track URL":""}
{"level":"error","timestamp":"2024-09-09T08:24:35.791Z","msg":"Failed to register musician","error":"musician repository internal error: ERROR: could not extend file \"base/16384/16589\": No space left on device (SQLSTATE 53100)"}
{"level":"error","timestamp":"2024-09-09T08:25:57.906Z","msg":"Failed to register musician","error":"user repository internal error: ERROR: could not extend file \"base/16384/16565\": No space left on device (SQLSTATE 53100)"}
{"level":"info","timestamp":"2024-09-09T08:40:16.299Z","msg":"Musician successfully registered","Musician ID":"d309f942-349f-400f-a40d-0c8d83d31cbc"}
{"level":"info","timestamp":"2024-09-09T08:40:22.440Z","msg":"User successfully authorized","User ID":"d309f942-349f-400f-a40d-0c8d83d31cbc","User Role":"Musician"}
{"level":"info","timestamp":"2024-09-09T08:40:22.441Z","msg":"Token successfully verified for user","User ID":"d309f942-349f-400f-a40d-0c8d83d31cbc","User Role":"Musician"}
{"level":"info","timestamp":"2024-09-09T08:40:30.031Z","msg":"Album successfully created","Album ID":"1e30206e-a1ae-4f4d-b6fd-8bb9a5952c74","Album Name":"New"}
{"level":"info","timestamp":"2024-09-09T08:40:34.873Z","msg":"Successfully received own musician albums","Musician ID":"d309f942-349f-400f-a40d-0c8d83d31cbc"}
{"level":"info","timestamp":"2024-09-09T08:41:01.856Z","msg":"Musician successfully received by album ID","Album ID":"1e30206e-a1ae-4f4d-b6fd-8bb9a5952c74"}
{"level":"info","timestamp":"2024-09-09T08:41:01.916Z","msg":"Genres successfully added for track","Track ID":"64b302d5-ae06-4b41-b4da-f1f47c0eed27"}
{"level":"info","timestamp":"2024-09-09T08:41:01.916Z","msg":"Track successfully created","Track ID":"64b302d5-ae06-4b41-b4da-f1f47c0eed27","Album ID":"1e30206e-a1ae-4f4d-b6fd-8bb9a5952c74","Track name":"track","Track URL":"http://minio:9000/music/64b302d5-ae06-4b41-b4da-f1f47c0eed27"}
{"level":"info","timestamp":"2024-09-09T08:41:10.865Z","msg":"Own tracks successfully received by musician ID","Musician ID":"d309f942-349f-400f-a40d-0c8d83d31cbc"}
{"level":"info","timestamp":"2024-09-09T08:41:14.661Z","msg":"Successfully received own musician albums","Musician ID":"d309f942-349f-400f-a40d-0c8d83d31cbc"}
{"level":"info","timestamp":"2024-09-09T08:41:22.430Z","msg":"Tracks successfully received by album ID","Album ID":"1e30206e-a1ae-4f4d-b6fd-8bb9a5952c74"}
{"level":"info","timestamp":"2024-09-09T08:41:26.503Z","msg":"Successfully published album","Album ID":"1e30206e-a1ae-4f4d-b6fd-8bb9a5952c74"}
{"level":"info","timestamp":"2024-09-09T08:41:32.532Z","msg":"Tracks successfully received by album ID","Album ID":"1e30206e-a1ae-4f4d-b6fd-8bb9a5952c74"}
{"level":"info","timestamp":"2024-09-09T08:42:26.840Z","msg":"User successfully registered","User ID":"6b70323b-72b9-40e2-bdab-404a907aabc2"}
{"level":"info","timestamp":"2024-09-09T08:42:46.751Z","msg":"User successfully authorized","User ID":"6b70323b-72b9-40e2-bdab-404a907aabc2","User Role":"User"}
{"level":"info","timestamp":"2024-09-09T08:42:46.755Z","msg":"Token successfully verified for user","User ID":"6b70323b-72b9-40e2-bdab-404a907aabc2","User Role":"User"}
{"level":"error","timestamp":"2024-09-09T08:42:58.204Z","msg":"Failed to add track to statistics","error":"internal statistics repository error: ERROR: invalid input syntax for type integer: \"d3c33b62-deb0-4d0b-89a6-95cd3d076316\" (SQLSTATE 22P02)","User ID":"6b70323b-72b9-40e2-bdab-404a907aabc2","Track ID":"64b302d5-ae06-4b41-b4da-f1f47c0eed27"}
{"level":"info","timestamp":"2024-09-09T08:59:18.232Z","msg":"Musician successfully registered","Musician ID":"14819ce2-bdf1-47e8-9e94-18c906aabaaf"}
{"level":"fatal","timestamp":"2024-09-10T17:04:50.113+0300","msg":"Error connecting postgres","error":"failed to connect to `host=db user=guest database=sigmamusic`: hostname resolving error (lookup db: no such host)"}
{"level":"info","timestamp":"2024-09-13T07:51:47.330Z","msg":"Musician successfully registered","Musician ID":"09d5670d-0534-4e5f-8a2a-6402b712bc83"}
{"level":"info","timestamp":"2024-09-13T07:51:57.924Z","msg":"User successfully authorized","User ID":"09d5670d-0534-4e5f-8a2a-6402b712bc83","User Role":"Musician"}
{"level":"info","timestamp":"2024-09-13T07:51:57.924Z","msg":"Token successfully verified for user","User ID":"09d5670d-0534-4e5f-8a2a-6402b712bc83","User Role":"Musician"}
{"level":"info","timestamp":"2024-09-13T07:52:05.789Z","msg":"Album successfully created","Album ID":"44d5e312-b26c-462c-aaa0-29e61d62e7fc","Album Name":"new"}
{"level":"info","timestamp":"2024-09-13T07:52:11.253Z","msg":"Successfully received own musician albums","Musician ID":"09d5670d-0534-4e5f-8a2a-6402b712bc83"}
{"level":"info","timestamp":"2024-09-13T07:52:37.338Z","msg":"Musician successfully received by album ID","Album ID":"44d5e312-b26c-462c-aaa0-29e61d62e7fc"}
{"level":"info","timestamp":"2024-09-13T07:52:37.380Z","msg":"Genres successfully added for track","Track ID":"767b6441-04df-4a97-b466-56d42cb95dba"}
{"level":"info","timestamp":"2024-09-13T07:52:37.380Z","msg":"Track successfully created","Track ID":"767b6441-04df-4a97-b466-56d42cb95dba","Album ID":"44d5e312-b26c-462c-aaa0-29e61d62e7fc","Track name":"10fa6ab2-1b08-4b8c-aadb-b03c1cfd7b06","Track URL":"http://minio:9000/music/767b6441-04df-4a97-b466-56d42cb95dba"}
{"level":"info","timestamp":"2024-09-13T07:52:50.145Z","msg":"Own tracks successfully received by musician ID","Musician ID":"09d5670d-0534-4e5f-8a2a-6402b712bc83"}
{"level":"info","timestamp":"2024-09-13T07:53:08.508Z","msg":"Successfully published album","Album ID":"44d5e312-b26c-462c-aaa0-29e61d62e7fc"}
{"level":"info","timestamp":"2024-09-13T07:53:15.580Z","msg":"Own tracks successfully received by musician ID","Musician ID":"09d5670d-0534-4e5f-8a2a-6402b712bc83"}
{"level":"info","timestamp":"2024-09-13T07:53:54.622Z","msg":"User successfully registered","User ID":"32f14659-c379-4f18-bf72-407b50519aa4"}
{"level":"info","timestamp":"2024-09-13T07:54:06.147Z","msg":"User successfully authorized","User ID":"32f14659-c379-4f18-bf72-407b50519aa4","User Role":"User"}
{"level":"info","timestamp":"2024-09-13T07:54:06.147Z","msg":"Token successfully verified for user","User ID":"32f14659-c379-4f18-bf72-407b50519aa4","User Role":"User"}
{"level":"error","timestamp":"2024-09-13T07:54:28.653Z","msg":"Failed to post comment","error":"comment repository internal error: ERROR: permission denied for table tracks (SQLSTATE 42501)","Comment ID":"6bb94645-3f55-4035-b1b2-c23fd0199598","User ID":"32f14659-c379-4f18-bf72-407b50519aa4","Track ID":"767b6441-04df-4a97-b466-56d42cb95dba"}
{"level":"info","timestamp":"2024-09-13T10:24:54.645Z","msg":"Musician successfully registered","Musician ID":"e6178c82-eead-4c24-8d37-d30cc0eea1eb"}
{"level":"info","timestamp":"2024-09-13T10:25:08.010Z","msg":"User successfully authorized","User ID":"e6178c82-eead-4c24-8d37-d30cc0eea1eb","User Role":"Musician"}
{"level":"info","timestamp":"2024-09-13T10:25:08.010Z","msg":"Token successfully verified for user","User ID":"e6178c82-eead-4c24-8d37-d30cc0eea1eb","User Role":"Musician"}
{"level":"info","timestamp":"2024-09-13T10:25:10.510Z","msg":"Album successfully created","Album ID":"e5e0aed4-a9ab-4543-bb6c-ec734ea411d0","Album Name":"New"}
{"level":"info","timestamp":"2024-09-13T10:25:15.857Z","msg":"Successfully received own musician albums","Musician ID":"e6178c82-eead-4c24-8d37-d30cc0eea1eb"}
{"level":"info","timestamp":"2024-09-13T10:25:39.910Z","msg":"Musician successfully received by album ID","Album ID":"e5e0aed4-a9ab-4543-bb6c-ec734ea411d0"}
{"level":"info","timestamp":"2024-09-13T10:25:39.965Z","msg":"Genres successfully added for track","Track ID":"3859f300-16ab-4e38-8085-1c52e396e04c"}
{"level":"info","timestamp":"2024-09-13T10:25:39.965Z","msg":"Track successfully created","Track ID":"3859f300-16ab-4e38-8085-1c52e396e04c","Album ID":"e5e0aed4-a9ab-4543-bb6c-ec734ea411d0","Track name":"al","Track URL":"http://minio:9000/music/3859f300-16ab-4e38-8085-1c52e396e04c"}
{"level":"info","timestamp":"2024-09-13T10:25:46.985Z","msg":"Successfully received own musician albums","Musician ID":"e6178c82-eead-4c24-8d37-d30cc0eea1eb"}
{"level":"info","timestamp":"2024-09-13T10:25:51.479Z","msg":"Successfully published album","Album ID":"e5e0aed4-a9ab-4543-bb6c-ec734ea411d0"}
{"level":"info","timestamp":"2024-09-13T10:26:06.223Z","msg":"User successfully registered","User ID":"078e467c-b177-4efe-80a8-131db02888f7"}
{"level":"info","timestamp":"2024-09-13T10:26:09.520Z","msg":"User successfully authorized","User ID":"078e467c-b177-4efe-80a8-131db02888f7","User Role":"User"}
{"level":"info","timestamp":"2024-09-13T10:26:09.520Z","msg":"Token successfully verified for user","User ID":"078e467c-b177-4efe-80a8-131db02888f7","User Role":"User"}
{"level":"error","timestamp":"2024-09-13T10:26:24.243Z","msg":"Failed to post comment","error":"comment repository internal error: ERROR: control reached end of trigger procedure without RETURN (SQLSTATE 2F005)","Comment ID":"b043dfb6-b65c-48a9-9ac7-b1c65a4076f4","User ID":"078e467c-b177-4efe-80a8-131db02888f7","Track ID":"3859f300-16ab-4e38-8085-1c52e396e04c"}
{"level":"info","timestamp":"2024-09-13T10:30:58.750Z","msg":"Musician successfully registered","Musician ID":"839c7cb6-fbee-4bcc-9fc9-6e51d2fc6bc0"}
{"level":"info","timestamp":"2024-09-13T10:31:01.060Z","msg":"User successfully authorized","User ID":"839c7cb6-fbee-4bcc-9fc9-6e51d2fc6bc0","User Role":"Musician"}
{"level":"info","timestamp":"2024-09-13T10:31:01.061Z","msg":"Token successfully verified for user","User ID":"839c7cb6-fbee-4bcc-9fc9-6e51d2fc6bc0","User Role":"Musician"}
{"level":"info","timestamp":"2024-09-13T10:31:04.210Z","msg":"Album successfully created","Album ID":"a8b4595f-0b0c-47fd-8d9b-a5aeb7065e4e","Album Name":"New"}
{"level":"info","timestamp":"2024-09-13T10:31:09.429Z","msg":"Successfully received own musician albums","Musician ID":"839c7cb6-fbee-4bcc-9fc9-6e51d2fc6bc0"}
{"level":"error","timestamp":"2024-09-13T10:53:26.142Z","msg":"Failed to register musician","Musician Email":"t@t.t"}
{"level":"info","timestamp":"2024-09-13T10:53:41.212Z","msg":"Musician successfully registered","Musician ID":"b1ea06b7-6462-445d-bb22-fea97a056550"}
{"level":"info","timestamp":"2024-09-13T10:53:44.204Z","msg":"User successfully authorized","User ID":"b1ea06b7-6462-445d-bb22-fea97a056550","User Role":"Musician"}
{"level":"info","timestamp":"2024-09-13T10:53:44.205Z","msg":"Token successfully verified for user","User ID":"b1ea06b7-6462-445d-bb22-fea97a056550","User Role":"Musician"}
{"level":"info","timestamp":"2024-09-13T10:54:13.714Z","msg":"Album successfully created","Album ID":"99117447-194b-43c4-aa18-66b26464fe36","Album Name":"Album"}
{"level":"info","timestamp":"2024-09-13T10:54:20.597Z","msg":"Successfully received own musician albums","Musician ID":"b1ea06b7-6462-445d-bb22-fea97a056550"}
{"level":"info","timestamp":"2024-09-13T10:55:52.190Z","msg":"Musician successfully received by album ID","Album ID":"99117447-194b-43c4-aa18-66b26464fe36"}
{"level":"info","timestamp":"2024-09-13T10:55:52.282Z","msg":"Genres successfully added for track","Track ID":"661284e0-74ee-4bb8-9d00-d1dccae0e740"}
{"level":"info","timestamp":"2024-09-13T10:55:52.283Z","msg":"Track successfully created","Track ID":"661284e0-74ee-4bb8-9d00-d1dccae0e740","Album ID":"99117447-194b-43c4-aa18-66b26464fe36","Track name":"track","Track URL":"http://minio:9000/music/661284e0-74ee-4bb8-9d00-d1dccae0e740"}
{"level":"info","timestamp":"2024-09-13T10:56:09.768Z","msg":"Successfully received own musician albums","Musician ID":"b1ea06b7-6462-445d-bb22-fea97a056550"}
{"level":"info","timestamp":"2024-09-13T10:56:16.512Z","msg":"Own tracks successfully received by musician ID","Musician ID":"b1ea06b7-6462-445d-bb22-fea97a056550"}
{"level":"info","timestamp":"2024-09-13T10:56:39.369Z","msg":"Musician successfully received by album ID","Album ID":"99117447-194b-43c4-aa18-66b26464fe36"}
{"level":"info","timestamp":"2024-09-13T10:56:39.411Z","msg":"Genres successfully added for track","Track ID":"727b65ef-45c4-447f-b814-adfc4042b790"}
{"level":"info","timestamp":"2024-09-13T10:56:39.411Z","msg":"Track successfully created","Track ID":"727b65ef-45c4-447f-b814-adfc4042b790","Album ID":"99117447-194b-43c4-aa18-66b26464fe36","Track name":"track","Track URL":"http://minio:9000/music/727b65ef-45c4-447f-b814-adfc4042b790"}
{"level":"info","timestamp":"2024-09-13T10:56:42.603Z","msg":"Own tracks successfully received by musician ID","Musician ID":"b1ea06b7-6462-445d-bb22-fea97a056550"}
{"level":"info","timestamp":"2024-09-13T10:57:21.038Z","msg":"Successfully received own musician albums","Musician ID":"b1ea06b7-6462-445d-bb22-fea97a056550"}
{"level":"info","timestamp":"2024-09-13T10:57:25.725Z","msg":"Successfully published album","Album ID":"99117447-194b-43c4-aa18-66b26464fe36"}
{"level":"info","timestamp":"2024-09-14T05:53:37.405Z","msg":"Musician successfully registered","Musician ID":"b6c618d0-2435-442d-8e33-ec00d4412f94"}
{"level":"info","timestamp":"2024-09-14T05:53:42.805Z","msg":"User successfully authorized","User ID":"b6c618d0-2435-442d-8e33-ec00d4412f94","User Role":"Musician"}
{"level":"info","timestamp":"2024-09-14T05:53:42.805Z","msg":"Token successfully verified for user","User ID":"b6c618d0-2435-442d-8e33-ec00d4412f94","User Role":"Musician"}
{"level":"info","timestamp":"2024-09-14T05:53:50.856Z","msg":"Album successfully created","Album ID":"4c6bb1c4-0be3-4d2a-b033-e39842e21865","Album Name":"New"}
{"level":"info","timestamp":"2024-09-14T05:53:53.852Z","msg":"Successfully received own musician albums","Musician ID":"b6c618d0-2435-442d-8e33-ec00d4412f94"}
{"level":"info","timestamp":"2024-09-14T05:54:13.578Z","msg":"Musician successfully received by album ID","Album ID":"4c6bb1c4-0be3-4d2a-b033-e39842e21865"}
{"level":"info","timestamp":"2024-09-14T05:54:13.615Z","msg":"Genres successfully added for track","Track ID":"c4cca363-99a6-4b56-acbb-cc9c68a1477c"}
{"level":"info","timestamp":"2024-09-14T05:54:13.615Z","msg":"Track successfully created","Track ID":"c4cca363-99a6-4b56-acbb-cc9c68a1477c","Album ID":"4c6bb1c4-0be3-4d2a-b033-e39842e21865","Track name":"2920f2ef-0508-4373-a59d-a9df3e042f50","Track URL":"http://minio:9000/music/c4cca363-99a6-4b56-acbb-cc9c68a1477c"}
{"level":"info","timestamp":"2024-09-14T05:54:23.447Z","msg":"Own tracks successfully received by musician ID","Musician ID":"b6c618d0-2435-442d-8e33-ec00d4412f94"}
{"level":"info","timestamp":"2024-09-14T05:54:29.450Z","msg":"Successfully received own musician albums","Musician ID":"b6c618d0-2435-442d-8e33-ec00d4412f94"}
{"level":"info","timestamp":"2024-09-14T05:54:36.513Z","msg":"Successfully published album","Album ID":"4c6bb1c4-0be3-4d2a-b033-e39842e21865"}
{"level":"info","timestamp":"2024-09-14T05:54:58.532Z","msg":"User successfully registered","User ID":"feb4d113-2ee2-4cb8-91b2-99d970fa36e5"}
{"level":"info","timestamp":"2024-09-14T05:55:01.967Z","msg":"User successfully authorized","User ID":"feb4d113-2ee2-4cb8-91b2-99d970fa36e5","User Role":"User"}
{"level":"info","timestamp":"2024-09-14T05:55:01.967Z","msg":"Token successfully verified for user","User ID":"feb4d113-2ee2-4cb8-91b2-99d970fa36e5","User Role":"User"}
{"level":"error","timestamp":"2024-09-14T05:55:42.222Z","msg":"Failed to post comment","error":"comment repository internal error: ERROR: control reached end of trigger procedure without RETURN (SQLSTATE 2F005)","Comment ID":"fbaca108-ba70-44ad-bdd2-a402e918af3a","User ID":"feb4d113-2ee2-4cb8-91b2-99d970fa36e5","Track ID":"c4cca363-99a6-4b56-acbb-cc9c68a1477c"}
{"level":"info","timestamp":"2024-09-14T05:57:53.617Z","msg":"Musician successfully registered","Musician ID":"399484e9-280e-4177-a27f-fc2ce310630a"}
{"level":"info","timestamp":"2024-09-14T05:57:56.394Z","msg":"User successfully authorized","User ID":"399484e9-280e-4177-a27f-fc2ce310630a","User Role":"Musician"}
{"level":"info","timestamp":"2024-09-14T05:57:56.395Z","msg":"Token successfully verified for user","User ID":"399484e9-280e-4177-a27f-fc2ce310630a","User Role":"Musician"}
{"level":"info","timestamp":"2024-09-14T05:58:00.179Z","msg":"Album successfully created","Album ID":"f81ecd05-cc32-4577-8eab-354d390ebde1","Album Name":"New"}
{"level":"info","timestamp":"2024-09-14T05:58:07.190Z","msg":"Successfully received own musician albums","Musician ID":"399484e9-280e-4177-a27f-fc2ce310630a"}
{"level":"info","timestamp":"2024-09-14T05:58:26.548Z","msg":"Musician successfully received by album ID","Album ID":"f81ecd05-cc32-4577-8eab-354d390ebde1"}
{"level":"info","timestamp":"2024-09-14T05:58:26.739Z","msg":"Genres successfully added for track","Track ID":"cb61c3f4-c0c7-412b-bf3e-5bcfea190865"}
{"level":"info","timestamp":"2024-09-14T05:58:26.739Z","msg":"Track successfully created","Track ID":"cb61c3f4-c0c7-412b-bf3e-5bcfea190865","Album ID":"f81ecd05-cc32-4577-8eab-354d390ebde1","Track name":"track","Track URL":"http://minio:9000/music/cb61c3f4-c0c7-412b-bf3e-5bcfea190865"}
{"level":"info","timestamp":"2024-09-14T05:58:31.101Z","msg":"Successfully received own musician albums","Musician ID":"399484e9-280e-4177-a27f-fc2ce310630a"}
{"level":"info","timestamp":"2024-09-14T05:58:34.883Z","msg":"Successfully published album","Album ID":"f81ecd05-cc32-4577-8eab-354d390ebde1"}
{"level":"info","timestamp":"2024-09-14T05:58:46.533Z","msg":"User successfully registered","User ID":"fb65e673-3f7b-4b68-81ba-b9efbfc6baff"}
{"level":"info","timestamp":"2024-09-14T05:58:50.946Z","msg":"User successfully authorized","User ID":"fb65e673-3f7b-4b68-81ba-b9efbfc6baff","User Role":"User"}
{"level":"info","timestamp":"2024-09-14T05:58:50.947Z","msg":"Token successfully verified for user","User ID":"fb65e673-3f7b-4b68-81ba-b9efbfc6baff","User Role":"User"}
{"level":"info","timestamp":"2024-09-14T05:59:15.105Z","msg":"Comment successfully posted","Comment ID":"aaa5375a-10b7-4366-b854-84ef086734e1","User ID":"fb65e673-3f7b-4b68-81ba-b9efbfc6baff","Track ID":"cb61c3f4-c0c7-412b-bf3e-5bcfea190865"}
{"level":"info","timestamp":"2024-09-14T05:59:24.454Z","msg":"Track successfully received by ID","Track ID":"cb61c3f4-c0c7-412b-bf3e-5bcfea190865"}
{"level":"info","timestamp":"2024-09-14T05:59:51.279Z","msg":"Comment successfully posted","Comment ID":"c8f8b9f7-562e-4245-a36b-a2b62f3b53ba","User ID":"fb65e673-3f7b-4b68-81ba-b9efbfc6baff","Track ID":"cb61c3f4-c0c7-412b-bf3e-5bcfea190865"}
{"level":"info","timestamp":"2024-09-14T05:59:56.601Z","msg":"Track successfully received by ID","Track ID":"cb61c3f4-c0c7-412b-bf3e-5bcfea190865"}
{"level":"info","timestamp":"2024-09-14T07:25:17.730Z","msg":"Musician successfully registered","Musician ID":"1b63aace-be5f-4d65-9354-f9b3fbc99b3e"}
{"level":"info","timestamp":"2024-09-14T09:46:57.408Z","msg":"Musician successfully registered","Musician ID":"17814224-e0a0-490f-bd1a-543355c7f41c"}
{"level":"info","timestamp":"2024-09-14T09:47:38.815Z","msg":"User successfully authorized","User ID":"17814224-e0a0-490f-bd1a-543355c7f41c","User Role":"Musician"}
{"level":"info","timestamp":"2024-09-14T09:47:38.815Z","msg":"Token successfully verified for user","User ID":"17814224-e0a0-490f-bd1a-543355c7f41c","User Role":"Musician"}
{"level":"info","timestamp":"2024-09-14T09:48:21.982Z","msg":"Album successfully created","Album ID":"1698812c-cc55-4496-8abe-15315bd7e727","Album Name":"Album"}
{"level":"info","timestamp":"2024-09-14T09:48:27.174Z","msg":"Successfully received own musician albums","Musician ID":"17814224-e0a0-490f-bd1a-543355c7f41c"}
{"level":"info","timestamp":"2024-09-14T09:48:59.092Z","msg":"Musician successfully received by album ID","Album ID":"1698812c-cc55-4496-8abe-15315bd7e727"}
{"level":"info","timestamp":"2024-09-14T09:48:59.153Z","msg":"Genres successfully added for track","Track ID":"bef66668-916c-4ef3-aaf8-e344e5496a04"}
{"level":"info","timestamp":"2024-09-14T09:48:59.153Z","msg":"Track successfully created","Track ID":"bef66668-916c-4ef3-aaf8-e344e5496a04","Album ID":"1698812c-cc55-4496-8abe-15315bd7e727","Track name":"track","Track URL":"http://minio:9000/music/bef66668-916c-4ef3-aaf8-e344e5496a04"}
{"level":"info","timestamp":"2024-09-14T09:49:03.699Z","msg":"Own tracks successfully received by musician ID","Musician ID":"17814224-e0a0-490f-bd1a-543355c7f41c"}
{"level":"info","timestamp":"2024-09-14T09:49:14.555Z","msg":"Successfully published album","Album ID":"1698812c-cc55-4496-8abe-15315bd7e727"}
{"level":"info","timestamp":"2024-09-14T09:49:42.127Z","msg":"User successfully registered","User ID":"04817d7b-e48c-4689-94f5-7855286e7071"}
{"level":"info","timestamp":"2024-09-14T09:49:54.802Z","msg":"User successfully authorized","User ID":"04817d7b-e48c-4689-94f5-7855286e7071","User Role":"User"}
{"level":"info","timestamp":"2024-09-14T09:49:54.803Z","msg":"Token successfully verified for user","User ID":"04817d7b-e48c-4689-94f5-7855286e7071","User Role":"User"}
{"level":"info","timestamp":"2024-09-14T09:51:50.537Z","msg":"Comment successfully posted","Comment ID":"7b26f332-0f1d-4119-b20a-6bf2bafbfe4b","User ID":"04817d7b-e48c-4689-94f5-7855286e7071","Track ID":"bef66668-916c-4ef3-aaf8-e344e5496a04"}
{"level":"info","timestamp":"2024-09-14T09:52:05.747Z","msg":"Comments successfully received by user ID","User ID":"04817d7b-e48c-4689-94f5-7855286e7071"}
{"level":"error","timestamp":"2024-09-14T11:59:51.072Z","msg":"Failed to post comment","error":"comment repository internal error: ERROR: insert or update on table \"comments\" violates foreign key constraint \"comments_user_id_fkey\" (SQLSTATE 23503)","Comment ID":"8e2dee7a-af94-4629-b4c5-48c3d897dd93","User ID":"00000000-0000-0000-0000-000000000000","Track ID":"bef66668-916c-4ef3-aaf8-e344e5496a04"}
{"level":"info","timestamp":"2024-09-14T12:00:27.940Z","msg":"User successfully authorized","User ID":"04817d7b-e48c-4689-94f5-7855286e7071","User Role":"User"}
{"level":"info","timestamp":"2024-09-14T12:00:27.941Z","msg":"Token successfully verified for user","User ID":"04817d7b-e48c-4689-94f5-7855286e7071","User Role":"User"}
{"level":"info","timestamp":"2024-09-14T12:00:36.532Z","msg":"Comment successfully posted","Comment ID":"a54e1c3d-5c96-4ef5-829e-68641207bee2","User ID":"04817d7b-e48c-4689-94f5-7855286e7071","Track ID":"bef66668-916c-4ef3-aaf8-e344e5496a04"}
{"level":"info","timestamp":"2024-09-14T12:01:46.310Z","msg":"User successfully authorized","User ID":"04817d7b-e48c-4689-94f5-7855286e7071","User Role":"User"}
{"level":"info","timestamp":"2024-09-14T12:01:46.310Z","msg":"Token successfully verified for user","User ID":"04817d7b-e48c-4689-94f5-7855286e7071","User Role":"User"}
{"level":"info","timestamp":"2024-09-14T12:01:56.266Z","msg":"Comment successfully posted","Comment ID":"6423db89-0101-4565-93ca-7cef6e32630c","User ID":"04817d7b-e48c-4689-94f5-7855286e7071","Track ID":"bef66668-916c-4ef3-aaf8-e344e5496a04"}
{"level":"info","timestamp":"2024-09-14T12:02:01.564Z","msg":"Comments successfully received by user ID","User ID":"04817d7b-e48c-4689-94f5-7855286e7071"}
{"level":"info","timestamp":"2024-09-14T12:07:54.734Z","msg":"User successfully authorized","User ID":"04817d7b-e48c-4689-94f5-7855286e7071","User Role":"User"}
{"level":"info","timestamp":"2024-09-14T12:07:54.734Z","msg":"Token successfully verified for user","User ID":"04817d7b-e48c-4689-94f5-7855286e7071","User Role":"User"}
{"level":"error","timestamp":"2024-09-14T12:11:30.390Z","msg":"Failed to authorize user","error":"authentication error: incorrect name","User Name":"Use"}
{"level":"error","timestamp":"2024-09-14T12:11:32.510Z","msg":"Failed to authorize user","error":"authentication error: incorrect name","User Name":"User"}
{"level":"info","timestamp":"2024-09-14T12:11:45.890Z","msg":"User successfully registered","User ID":"9d37d8b3-0bc6-45f0-8c51-8559351f153b"}
{"level":"info","timestamp":"2024-09-14T12:12:00.986Z","msg":"Musician successfully registered","Musician ID":"b1622476-bfbc-4e34-986c-21b9857e550d"}
{"level":"info","timestamp":"2024-09-14T12:12:10.236Z","msg":"User successfully authorized","User ID":"b1622476-bfbc-4e34-986c-21b9857e550d","User Role":"Musician"}
{"level":"info","timestamp":"2024-09-14T12:12:10.236Z","msg":"Token successfully verified for user","User ID":"b1622476-bfbc-4e34-986c-21b9857e550d","User Role":"Musician"}
{"level":"info","timestamp":"2024-09-14T12:12:14.130Z","msg":"Album successfully created","Album ID":"88e61f50-345a-4256-836d-9f943514c991","Album Name":"Album"}
{"level":"info","timestamp":"2024-09-14T12:12:31.473Z","msg":"Successfully received own musician albums","Musician ID":"b1622476-bfbc-4e34-986c-21b9857e550d"}
{"level":"info","timestamp":"2024-09-14T12:12:57.674Z","msg":"Musician successfully received by album ID","Album ID":"88e61f50-345a-4256-836d-9f943514c991"}
{"level":"info","timestamp":"2024-09-14T12:12:57.722Z","msg":"Genres successfully added for track","Track ID":"5ce60826-709a-4ff3-821e-14e7e20a88ca"}
{"level":"info","timestamp":"2024-09-14T12:12:57.722Z","msg":"Track successfully created","Track ID":"5ce60826-709a-4ff3-821e-14e7e20a88ca","Album ID":"88e61f50-345a-4256-836d-9f943514c991","Track name":"Track","Track URL":"http://minio:9000/music/5ce60826-709a-4ff3-821e-14e7e20a88ca"}
{"level":"info","timestamp":"2024-09-14T12:13:05.275Z","msg":"Own tracks successfully received by musician ID","Musician ID":"b1622476-bfbc-4e34-986c-21b9857e550d"}
{"level":"info","timestamp":"2024-09-14T12:13:15.015Z","msg":"Successfully received own musician albums","Musician ID":"b1622476-bfbc-4e34-986c-21b9857e550d"}
{"level":"info","timestamp":"2024-09-14T12:13:19.662Z","msg":"Successfully published album","Album ID":"88e61f50-345a-4256-836d-9f943514c991"}
{"level":"error","timestamp":"2024-09-14T12:13:39.950Z","msg":"Failed to register user","User Name":"User"}
{"level":"error","timestamp":"2024-09-14T12:13:50.522Z","msg":"Failed to authorize user","error":"authentication error: incorrect name","User Name":"user"}
{"level":"info","timestamp":"2024-09-14T12:13:52.451Z","msg":"User successfully authorized","User ID":"9d37d8b3-0bc6-45f0-8c51-8559351f153b","User Role":"User"}
{"level":"info","timestamp":"2024-09-14T12:13:52.451Z","msg":"Token successfully verified for user","User ID":"9d37d8b3-0bc6-45f0-8c51-8559351f153b","User Role":"User"}
{"level":"info","timestamp":"2024-09-14T12:14:08.755Z","msg":"Comment successfully posted","Comment ID":"d99dfbad-7af3-4f47-86b1-64aa50820645","User ID":"9d37d8b3-0bc6-45f0-8c51-8559351f153b","Track ID":"5ce60826-709a-4ff3-821e-14e7e20a88ca"}
{"level":"info","timestamp":"2024-09-14T12:16:09.614Z","msg":"User successfully registered","User ID":"ba27aadd-01b2-4cfc-be2f-ea8433eb9ed1"}
{"level":"info","timestamp":"2024-09-14T12:16:17.599Z","msg":"Musician successfully registered","Musician ID":"235ae8d8-a24f-4c9d-80a9-a6c212902f7b"}
{"level":"info","timestamp":"2024-09-14T12:16:22.257Z","msg":"User successfully authorized","User ID":"235ae8d8-a24f-4c9d-80a9-a6c212902f7b","User Role":"Musician"}
{"level":"info","timestamp":"2024-09-14T12:16:22.257Z","msg":"Token successfully verified for user","User ID":"235ae8d8-a24f-4c9d-80a9-a6c212902f7b","User Role":"Musician"}
{"level":"info","timestamp":"2024-09-14T12:16:28.069Z","msg":"Album successfully created","Album ID":"8e5e8e0f-4776-4172-ae37-84b85e352ab2","Album Name":"New"}
{"level":"info","timestamp":"2024-09-14T12:16:35.101Z","msg":"Successfully received own musician albums","Musician ID":"235ae8d8-a24f-4c9d-80a9-a6c212902f7b"}
{"level":"info","timestamp":"2024-09-14T12:17:13.601Z","msg":"Musician successfully received by album ID","Album ID":"8e5e8e0f-4776-4172-ae37-84b85e352ab2"}
{"level":"info","timestamp":"2024-09-14T12:17:13.643Z","msg":"Genres successfully added for track","Track ID":"5070bf37-6b21-4c03-aab2-3df54179774d"}
{"level":"info","timestamp":"2024-09-14T12:17:13.644Z","msg":"Track successfully created","Track ID":"5070bf37-6b21-4c03-aab2-3df54179774d","Album ID":"8e5e8e0f-4776-4172-ae37-84b85e352ab2","Track name":"Track","Track URL":"http://minio:9000/music/5070bf37-6b21-4c03-aab2-3df54179774d"}
{"level":"info","timestamp":"2024-09-14T12:17:18.229Z","msg":"Own tracks successfully received by musician ID","Musician ID":"235ae8d8-a24f-4c9d-80a9-a6c212902f7b"}
{"level":"info","timestamp":"2024-09-14T12:17:19.902Z","msg":"Successfully received own musician albums","Musician ID":"235ae8d8-a24f-4c9d-80a9-a6c212902f7b"}
{"level":"info","timestamp":"2024-09-14T12:17:24.227Z","msg":"Successfully published album","Album ID":"8e5e8e0f-4776-4172-ae37-84b85e352ab2"}
{"level":"info","timestamp":"2024-09-14T12:17:29.075Z","msg":"User successfully authorized","User ID":"ba27aadd-01b2-4cfc-be2f-ea8433eb9ed1","User Role":"User"}
{"level":"info","timestamp":"2024-09-14T12:17:29.078Z","msg":"Token successfully verified for user","User ID":"ba27aadd-01b2-4cfc-be2f-ea8433eb9ed1","User Role":"User"}
{"level":"info","timestamp":"2024-09-14T12:17:37.981Z","msg":"Comment successfully posted","Comment ID":"40e9b1b0-f704-4cd9-8474-9a71bd531b26","User ID":"ba27aadd-01b2-4cfc-be2f-ea8433eb9ed1","Track ID":"5070bf37-6b21-4c03-aab2-3df54179774d"}
{"level":"info","timestamp":"2024-09-14T12:20:17.403Z","msg":"User successfully registered","User ID":"27dbab7c-6b8b-4cd6-a3ba-b76129ec0774"}
{"level":"info","timestamp":"2024-09-14T12:20:27.135Z","msg":"Musician successfully registered","Musician ID":"f8f3917a-90c3-4266-ab1b-4302b5f0a76a"}
{"level":"info","timestamp":"2024-09-14T12:20:29.868Z","msg":"User successfully authorized","User ID":"f8f3917a-90c3-4266-ab1b-4302b5f0a76a","User Role":"Musician"}
{"level":"info","timestamp":"2024-09-14T12:20:29.869Z","msg":"Token successfully verified for user","User ID":"f8f3917a-90c3-4266-ab1b-4302b5f0a76a","User Role":"Musician"}
{"level":"info","timestamp":"2024-09-14T12:20:34.587Z","msg":"Album successfully created","Album ID":"858e9d6f-7a3b-4531-ad2c-f21a00b81302","Album Name":"New"}
{"level":"info","timestamp":"2024-09-14T12:20:37.561Z","msg":"Successfully received own musician albums","Musician ID":"f8f3917a-90c3-4266-ab1b-4302b5f0a76a"}
{"level":"info","timestamp":"2024-09-14T12:20:40.222Z","msg":"Successfully received own musician albums","Musician ID":"f8f3917a-90c3-4266-ab1b-4302b5f0a76a"}
{"level":"info","timestamp":"2024-09-14T12:26:44.923Z","msg":"Musician successfully registered","Musician ID":"beb11f86-ffd0-42f3-8847-5558d36b3f54"}
{"level":"info","timestamp":"2024-09-14T12:26:46.933Z","msg":"User successfully authorized","User ID":"beb11f86-ffd0-42f3-8847-5558d36b3f54","User Role":"Musician"}
{"level":"info","timestamp":"2024-09-14T12:26:46.935Z","msg":"Token successfully verified for user","User ID":"beb11f86-ffd0-42f3-8847-5558d36b3f54","User Role":"Musician"}
{"level":"info","timestamp":"2024-09-14T12:26:53.515Z","msg":"Album successfully created","Album ID":"28386618-fa5a-4654-8fd9-206f6d8ba275","Album Name":"New"}
{"level":"info","timestamp":"2024-09-14T12:26:55.305Z","msg":"Successfully received own musician albums","Musician ID":"beb11f86-ffd0-42f3-8847-5558d36b3f54"}
{"level":"info","timestamp":"2024-09-14T12:26:59.775Z","msg":"Successfully received own musician albums","Musician ID":"beb11f86-ffd0-42f3-8847-5558d36b3f54"}
{"level":"info","timestamp":"2024-09-14T12:27:12.359Z","msg":"Musician successfully received by album ID","Album ID":"28386618-fa5a-4654-8fd9-206f6d8ba275"}
{"level":"info","timestamp":"2024-09-14T12:27:12.413Z","msg":"Genres successfully added for track","Track ID":"4b59cd0d-5f80-4302-8faf-9d13ccba25ff"}
{"level":"info","timestamp":"2024-09-14T12:27:12.413Z","msg":"Track successfully created","Track ID":"4b59cd0d-5f80-4302-8faf-9d13ccba25ff","Album ID":"28386618-fa5a-4654-8fd9-206f6d8ba275","Track name":"Track","Track URL":"http://minio:9000/music/4b59cd0d-5f80-4302-8faf-9d13ccba25ff"}
{"level":"info","timestamp":"2024-09-14T12:27:16.718Z","msg":"Successfully received own musician albums","Musician ID":"beb11f86-ffd0-42f3-8847-5558d36b3f54"}
{"level":"info","timestamp":"2024-09-14T12:27:20.319Z","msg":"Successfully published album","Album ID":"28386618-fa5a-4654-8fd9-206f6d8ba275"}
{"level":"info","timestamp":"2024-09-14T12:27:54.667Z","msg":"User successfully registered","User ID":"b79c4a04-2eb7-4d92-a041-3dcb42230c4c"}
{"level":"info","timestamp":"2024-09-14T12:27:57.928Z","msg":"User successfully authorized","User ID":"b79c4a04-2eb7-4d92-a041-3dcb42230c4c","User Role":"User"}
{"level":"info","timestamp":"2024-09-14T12:27:57.931Z","msg":"Token successfully verified for user","User ID":"b79c4a04-2eb7-4d92-a041-3dcb42230c4c","User Role":"User"}
{"level":"info","timestamp":"2024-09-14T12:28:22.168Z","msg":"Comment successfully posted","Comment ID":"8edcca38-82ef-4cf5-8863-9c4ff85b4c2d","User ID":"b79c4a04-2eb7-4d92-a041-3dcb42230c4c","Track ID":"4b59cd0d-5f80-4302-8faf-9d13ccba25ff"}
{"level":"info","timestamp":"2024-09-14T12:46:55.129Z","msg":"Musician successfully registered","Musician ID":"b6cdb65c-d201-42f1-8636-d016e8f5677f"}
{"level":"info","timestamp":"2024-09-14T12:47:17.809Z","msg":"User successfully authorized","User ID":"b6cdb65c-d201-42f1-8636-d016e8f5677f","User Role":"Musician"}
{"level":"info","timestamp":"2024-09-14T12:47:17.810Z","msg":"Token successfully verified for user","User ID":"b6cdb65c-d201-42f1-8636-d016e8f5677f","User Role":"Musician"}
{"level":"info","timestamp":"2024-09-14T12:47:20.344Z","msg":"Album successfully created","Album ID":"199af92a-a0cc-4f7a-aa92-c6ca2b07b99a","Album Name":"Al"}
{"level":"info","timestamp":"2024-09-14T12:47:22.853Z","msg":"Successfully received own musician albums","Musician ID":"b6cdb65c-d201-42f1-8636-d016e8f5677f"}
{"level":"info","timestamp":"2024-09-14T12:47:53.977Z","msg":"Musician successfully received by album ID","Album ID":"199af92a-a0cc-4f7a-aa92-c6ca2b07b99a"}
{"level":"info","timestamp":"2024-09-14T12:47:54.038Z","msg":"Genres successfully added for track","Track ID":"8df32550-f6ed-4211-9f0d-4e95c46c869b"}
{"level":"info","timestamp":"2024-09-14T12:47:54.039Z","msg":"Track successfully created","Track ID":"8df32550-f6ed-4211-9f0d-4e95c46c869b","Album ID":"199af92a-a0cc-4f7a-aa92-c6ca2b07b99a","Track name":"track","Track URL":"http://minio:9000/music/8df32550-f6ed-4211-9f0d-4e95c46c869b"}
{"level":"info","timestamp":"2024-09-14T12:48:00.451Z","msg":"Own tracks successfully received by musician ID","Musician ID":"b6cdb65c-d201-42f1-8636-d016e8f5677f"}
{"level":"info","timestamp":"2024-09-14T12:48:02.284Z","msg":"Successfully received own musician albums","Musician ID":"b6cdb65c-d201-42f1-8636-d016e8f5677f"}
{"level":"info","timestamp":"2024-09-14T12:48:05.933Z","msg":"Successfully published album","Album ID":"199af92a-a0cc-4f7a-aa92-c6ca2b07b99a"}
{"level":"info","timestamp":"2024-09-14T12:48:21.335Z","msg":"User successfully registered","User ID":"91bb0e9a-6973-4ca2-8ff9-e43054e335e4"}
{"level":"error","timestamp":"2024-09-14T12:48:24.187Z","msg":"Failed to authorize user","error":"authentication error: incorrect name","User Name":"User"}
{"level":"info","timestamp":"2024-09-14T12:48:26.828Z","msg":"User successfully authorized","User ID":"91bb0e9a-6973-4ca2-8ff9-e43054e335e4","User Role":"User"}
{"level":"info","timestamp":"2024-09-14T12:48:26.830Z","msg":"Token successfully verified for user","User ID":"91bb0e9a-6973-4ca2-8ff9-e43054e335e4","User Role":"User"}
{"level":"info","timestamp":"2024-09-14T12:48:38.433Z","msg":"Comment successfully posted","Comment ID":"efe798e6-0de3-49fc-a2c1-ad87e1ad2a02","User ID":"91bb0e9a-6973-4ca2-8ff9-e43054e335e4","Track ID":"8df32550-f6ed-4211-9f0d-4e95c46c869b"}
{"level":"info","timestamp":"2024-09-14T12:52:51.215Z","msg":"Musician successfully registered","Musician ID":"460b8063-ef3d-485c-9e2c-287f7b62269c"}
{"level":"info","timestamp":"2024-09-14T12:52:53.212Z","msg":"User successfully authorized","User ID":"460b8063-ef3d-485c-9e2c-287f7b62269c","User Role":"Musician"}
{"level":"info","timestamp":"2024-09-14T12:52:53.212Z","msg":"Token successfully verified for user","User ID":"460b8063-ef3d-485c-9e2c-287f7b62269c","User Role":"Musician"}
{"level":"info","timestamp":"2024-09-14T12:53:00.511Z","msg":"Album successfully created","Album ID":"516ba5f1-588f-4585-b783-93fd8f0cfd6d","Album Name":"Album"}
{"level":"info","timestamp":"2024-09-14T12:53:23.421Z","msg":"Successfully received own musician albums","Musician ID":"460b8063-ef3d-485c-9e2c-287f7b62269c"}
{"level":"info","timestamp":"2024-09-14T12:53:40.817Z","msg":"Musician successfully received by album ID","Album ID":"516ba5f1-588f-4585-b783-93fd8f0cfd6d"}
{"level":"info","timestamp":"2024-09-14T12:53:40.858Z","msg":"Genres successfully added for track","Track ID":"324248e1-2fb9-4166-8dcc-31a8b60b104f"}
{"level":"info","timestamp":"2024-09-14T12:53:40.858Z","msg":"Track successfully created","Track ID":"324248e1-2fb9-4166-8dcc-31a8b60b104f","Album ID":"516ba5f1-588f-4585-b783-93fd8f0cfd6d","Track name":"track","Track URL":"http://minio:9000/music/324248e1-2fb9-4166-8dcc-31a8b60b104f"}
{"level":"info","timestamp":"2024-09-14T12:53:44.316Z","msg":"Successfully received own musician albums","Musician ID":"460b8063-ef3d-485c-9e2c-287f7b62269c"}
{"level":"info","timestamp":"2024-09-14T12:53:47.171Z","msg":"Successfully published album","Album ID":"516ba5f1-588f-4585-b783-93fd8f0cfd6d"}
{"level":"info","timestamp":"2024-09-14T12:54:08.786Z","msg":"User successfully registered","User ID":"3e73ff2b-b009-4ccd-8b35-6d411dd1b944"}
{"level":"info","timestamp":"2024-09-14T12:54:11.624Z","msg":"User successfully authorized","User ID":"3e73ff2b-b009-4ccd-8b35-6d411dd1b944","User Role":"User"}
{"level":"info","timestamp":"2024-09-14T12:54:11.624Z","msg":"Token successfully verified for user","User ID":"3e73ff2b-b009-4ccd-8b35-6d411dd1b944","User Role":"User"}
{"level":"info","timestamp":"2024-09-14T12:54:20.220Z","msg":"Comment successfully posted","Comment ID":"1a02cf0c-44bf-4287-86ff-fd7cb2b40c76","User ID":"3e73ff2b-b009-4ccd-8b35-6d411dd1b944","Track ID":"324248e1-2fb9-4166-8dcc-31a8b60b104f"}
{"level":"info","timestamp":"2024-09-14T12:57:41.826Z","msg":"Musician successfully registered","Musician ID":"adfa53a7-753e-49c3-8843-a91169a0af3f"}
{"level":"info","timestamp":"2024-09-14T12:57:43.688Z","msg":"User successfully authorized","User ID":"adfa53a7-753e-49c3-8843-a91169a0af3f","User Role":"Musician"}
{"level":"info","timestamp":"2024-09-14T12:57:43.689Z","msg":"Token successfully verified for user","User ID":"adfa53a7-753e-49c3-8843-a91169a0af3f","User Role":"Musician"}
{"level":"info","timestamp":"2024-09-14T12:57:46.294Z","msg":"Album successfully created","Album ID":"bdc83f48-a6fd-415a-820c-bdbe4e1d392e","Album Name":"a"}
{"level":"info","timestamp":"2024-09-14T12:57:52.945Z","msg":"Successfully received own musician albums","Musician ID":"adfa53a7-753e-49c3-8843-a91169a0af3f"}
{"level":"info","timestamp":"2024-09-14T12:58:02.667Z","msg":"Musician successfully received by album ID","Album ID":"bdc83f48-a6fd-415a-820c-bdbe4e1d392e"}
{"level":"info","timestamp":"2024-09-14T12:58:02.710Z","msg":"Genres successfully added for track","Track ID":"9c51dcdb-a135-4177-b020-7448b94e397d"}
{"level":"info","timestamp":"2024-09-14T12:58:02.710Z","msg":"Track successfully created","Track ID":"9c51dcdb-a135-4177-b020-7448b94e397d","Album ID":"bdc83f48-a6fd-415a-820c-bdbe4e1d392e","Track name":"","Track URL":"http://minio:9000/music/9c51dcdb-a135-4177-b020-7448b94e397d"}
{"level":"info","timestamp":"2024-09-14T12:58:09.611Z","msg":"Own tracks successfully received by musician ID","Musician ID":"adfa53a7-753e-49c3-8843-a91169a0af3f"}
{"level":"info","timestamp":"2024-09-14T12:58:29.096Z","msg":"User successfully registered","User ID":"b887ee31-bb9b-442f-b165-ee84011caf55"}
{"level":"info","timestamp":"2024-09-14T12:58:32.166Z","msg":"User successfully authorized","User ID":"b887ee31-bb9b-442f-b165-ee84011caf55","User Role":"User"}
{"level":"info","timestamp":"2024-09-14T12:58:32.167Z","msg":"Token successfully verified for user","User ID":"b887ee31-bb9b-442f-b165-ee84011caf55","User Role":"User"}
{"level":"info","timestamp":"2024-09-14T12:58:42.296Z","msg":"User successfully authorized","User ID":"adfa53a7-753e-49c3-8843-a91169a0af3f","User Role":"Musician"}
{"level":"info","timestamp":"2024-09-14T12:58:42.296Z","msg":"Token successfully verified for user","User ID":"adfa53a7-753e-49c3-8843-a91169a0af3f","User Role":"Musician"}
{"level":"info","timestamp":"2024-09-14T12:58:43.489Z","msg":"Successfully received own musician albums","Musician ID":"adfa53a7-753e-49c3-8843-a91169a0af3f"}
{"level":"info","timestamp":"2024-09-14T12:58:47.540Z","msg":"Successfully published album","Album ID":"bdc83f48-a6fd-415a-820c-bdbe4e1d392e"}
{"level":"info","timestamp":"2024-09-14T12:58:50.242Z","msg":"User successfully authorized","User ID":"b887ee31-bb9b-442f-b165-ee84011caf55","User Role":"User"}
{"level":"info","timestamp":"2024-09-14T12:58:50.242Z","msg":"Token successfully verified for user","User ID":"b887ee31-bb9b-442f-b165-ee84011caf55","User Role":"User"}
{"level":"info","timestamp":"2024-09-14T12:59:03.311Z","msg":"Comment successfully posted","Comment ID":"678f87ee-9de4-4e6f-a943-01398384cb8a","User ID":"b887ee31-bb9b-442f-b165-ee84011caf55","Track ID":"9c51dcdb-a135-4177-b020-7448b94e397d"}
{"level":"info","timestamp":"2024-09-14T13:00:30.045Z","msg":"Musician successfully registered","Musician ID":"ae1991a8-63de-476c-bfab-cfbeff066bad"}
{"level":"info","timestamp":"2024-09-14T13:00:32.335Z","msg":"User successfully authorized","User ID":"ae1991a8-63de-476c-bfab-cfbeff066bad","User Role":"Musician"}
{"level":"info","timestamp":"2024-09-14T13:00:32.336Z","msg":"Token successfully verified for user","User ID":"ae1991a8-63de-476c-bfab-cfbeff066bad","User Role":"Musician"}
{"level":"info","timestamp":"2024-09-14T13:00:36.865Z","msg":"Album successfully created","Album ID":"25b2322e-8f0a-4f05-93be-d6a654fdc96f","Album Name":"a"}
{"level":"info","timestamp":"2024-09-14T13:00:41.273Z","msg":"Successfully received own musician albums","Musician ID":"ae1991a8-63de-476c-bfab-cfbeff066bad"}
{"level":"info","timestamp":"2024-09-14T13:00:50.557Z","msg":"Musician successfully received by album ID","Album ID":"25b2322e-8f0a-4f05-93be-d6a654fdc96f"}
{"level":"info","timestamp":"2024-09-14T13:00:50.682Z","msg":"Genres successfully added for track","Track ID":"b358caa4-3fc7-47d1-a4ea-64c5ddf9c5ed"}
{"level":"info","timestamp":"2024-09-14T13:00:50.682Z","msg":"Track successfully created","Track ID":"b358caa4-3fc7-47d1-a4ea-64c5ddf9c5ed","Album ID":"25b2322e-8f0a-4f05-93be-d6a654fdc96f","Track name":"","Track URL":"http://minio:9000/music/b358caa4-3fc7-47d1-a4ea-64c5ddf9c5ed"}
{"level":"info","timestamp":"2024-09-14T13:00:52.943Z","msg":"Successfully published album","Album ID":"25b2322e-8f0a-4f05-93be-d6a654fdc96f"}
{"level":"info","timestamp":"2024-09-14T13:01:04.459Z","msg":"User successfully registered","User ID":"8c350660-9b49-4391-998a-06159768263a"}
{"level":"info","timestamp":"2024-09-14T13:01:12.163Z","msg":"User successfully authorized","User ID":"8c350660-9b49-4391-998a-06159768263a","User Role":"User"}
{"level":"info","timestamp":"2024-09-14T13:01:12.164Z","msg":"Token successfully verified for user","User ID":"8c350660-9b49-4391-998a-06159768263a","User Role":"User"}
{"level":"info","timestamp":"2024-09-14T13:01:20.434Z","msg":"Comment successfully posted","Comment ID":"2e8b9bbf-ad49-473e-bbac-9d1bbc6a69de","User ID":"8c350660-9b49-4391-998a-06159768263a","Track ID":"b358caa4-3fc7-47d1-a4ea-64c5ddf9c5ed"}
{"level":"info","timestamp":"2024-09-14T13:06:28.947Z","msg":"Musician successfully registered","Musician ID":"4317d9a3-a60d-4fb5-9eb7-ff9847aa2d82"}
{"level":"info","timestamp":"2024-09-14T13:06:34.576Z","msg":"User successfully authorized","User ID":"4317d9a3-a60d-4fb5-9eb7-ff9847aa2d82","User Role":"Musician"}
{"level":"info","timestamp":"2024-09-14T13:06:34.579Z","msg":"Token successfully verified for user","User ID":"4317d9a3-a60d-4fb5-9eb7-ff9847aa2d82","User Role":"Musician"}
{"level":"info","timestamp":"2024-09-14T13:07:11.268Z","msg":"Album successfully created","Album ID":"02e9b6a3-8567-4d1a-b60e-67e137e379bf","Album Name":"a"}
{"level":"info","timestamp":"2024-09-14T13:07:15.168Z","msg":"Successfully received own musician albums","Musician ID":"4317d9a3-a60d-4fb5-9eb7-ff9847aa2d82"}
{"level":"info","timestamp":"2024-09-14T13:07:17.597Z","msg":"Successfully received own musician albums","Musician ID":"4317d9a3-a60d-4fb5-9eb7-ff9847aa2d82"}
{"level":"info","timestamp":"2024-09-14T13:07:33.963Z","msg":"Musician successfully received by album ID","Album ID":"02e9b6a3-8567-4d1a-b60e-67e137e379bf"}
{"level":"info","timestamp":"2024-09-14T13:07:34.003Z","msg":"Genres successfully added for track","Track ID":"07585c7b-8652-4649-a352-ba5e1350a405"}
{"level":"info","timestamp":"2024-09-14T13:07:34.003Z","msg":"Track successfully created","Track ID":"07585c7b-8652-4649-a352-ba5e1350a405","Album ID":"02e9b6a3-8567-4d1a-b60e-67e137e379bf","Track name":"","Track URL":"http://minio:9000/music/07585c7b-8652-4649-a352-ba5e1350a405"}
{"level":"info","timestamp":"2024-09-14T13:07:36.637Z","msg":"Successfully received own musician albums","Musician ID":"4317d9a3-a60d-4fb5-9eb7-ff9847aa2d82"}
{"level":"info","timestamp":"2024-09-14T13:07:41.161Z","msg":"Successfully published album","Album ID":"02e9b6a3-8567-4d1a-b60e-67e137e379bf"}
{"level":"info","timestamp":"2024-09-14T13:08:02.603Z","msg":"User successfully registered","User ID":"43288199-6f48-4f37-a198-0f2e2ec89a75"}
{"level":"info","timestamp":"2024-09-14T13:08:04.735Z","msg":"User successfully authorized","User ID":"43288199-6f48-4f37-a198-0f2e2ec89a75","User Role":"User"}
{"level":"info","timestamp":"2024-09-14T13:08:04.735Z","msg":"Token successfully verified for user","User ID":"43288199-6f48-4f37-a198-0f2e2ec89a75","User Role":"User"}
{"level":"info","timestamp":"2024-09-14T13:08:25.655Z","msg":"Comment successfully posted","Comment ID":"c7880ade-32e2-40c7-978d-5b4ae413f15e","User ID":"43288199-6f48-4f37-a198-0f2e2ec89a75","Track ID":"07585c7b-8652-4649-a352-ba5e1350a405"}
{"level":"info","timestamp":"2024-09-14T13:11:37.209Z","msg":"Musician successfully registered","Musician ID":"5fe468fd-819a-4c22-8f6c-4781df71fcdb"}
{"level":"info","timestamp":"2024-09-14T13:11:39.416Z","msg":"User successfully authorized","User ID":"5fe468fd-819a-4c22-8f6c-4781df71fcdb","User Role":"Musician"}
{"level":"info","timestamp":"2024-09-14T13:11:39.417Z","msg":"Token successfully verified for user","User ID":"5fe468fd-819a-4c22-8f6c-4781df71fcdb","User Role":"Musician"}
{"level":"info","timestamp":"2024-09-14T13:11:51.195Z","msg":"Album successfully created","Album ID":"60578bde-56a5-4145-b3ea-2af32d067b40","Album Name":"a"}
{"level":"info","timestamp":"2024-09-14T13:11:55.519Z","msg":"Successfully received own musician albums","Musician ID":"5fe468fd-819a-4c22-8f6c-4781df71fcdb"}
{"level":"info","timestamp":"2024-09-14T13:12:05.668Z","msg":"Musician successfully received by album ID","Album ID":"60578bde-56a5-4145-b3ea-2af32d067b40"}
{"level":"info","timestamp":"2024-09-14T13:12:05.717Z","msg":"Genres successfully added for track","Track ID":"d4e8f257-942b-4a07-9e11-97f558adb744"}
{"level":"info","timestamp":"2024-09-14T13:12:05.717Z","msg":"Track successfully created","Track ID":"d4e8f257-942b-4a07-9e11-97f558adb744","Album ID":"60578bde-56a5-4145-b3ea-2af32d067b40","Track name":"t","Track URL":"http://minio:9000/music/d4e8f257-942b-4a07-9e11-97f558adb744"}
{"level":"info","timestamp":"2024-09-14T13:12:08.026Z","msg":"Successfully published album","Album ID":"60578bde-56a5-4145-b3ea-2af32d067b40"}
{"level":"info","timestamp":"2024-09-14T13:12:19.922Z","msg":"User successfully registered","User ID":"bb0ca3e9-a776-44f9-9550-0a8cb641558e"}
{"level":"info","timestamp":"2024-09-14T13:12:22.117Z","msg":"User successfully authorized","User ID":"bb0ca3e9-a776-44f9-9550-0a8cb641558e","User Role":"User"}
{"level":"info","timestamp":"2024-09-14T13:12:22.117Z","msg":"Token successfully verified for user","User ID":"bb0ca3e9-a776-44f9-9550-0a8cb641558e","User Role":"User"}
{"level":"info","timestamp":"2024-09-14T13:12:32.127Z","msg":"Comment successfully posted","Comment ID":"214be125-706c-4a81-bd3d-4851cd47ce9c","User ID":"bb0ca3e9-a776-44f9-9550-0a8cb641558e","Track ID":"d4e8f257-942b-4a07-9e11-97f558adb744"}
{"level":"info","timestamp":"2024-09-14T13:14:25.592Z","msg":"Musician successfully registered","Musician ID":"a977b726-af8e-4eb8-8e03-84b31b522623"}
{"level":"info","timestamp":"2024-09-14T13:14:28.559Z","msg":"User successfully authorized","User ID":"a977b726-af8e-4eb8-8e03-84b31b522623","User Role":"Musician"}
{"level":"info","timestamp":"2024-09-14T13:14:28.562Z","msg":"Token successfully verified for user","User ID":"a977b726-af8e-4eb8-8e03-84b31b522623","User Role":"Musician"}
{"level":"info","timestamp":"2024-09-14T13:14:33.550Z","msg":"Successfully received own musician albums","Musician ID":"a977b726-af8e-4eb8-8e03-84b31b522623"}
{"level":"info","timestamp":"2024-09-14T13:14:49.272Z","msg":"User successfully authorized","User ID":"a977b726-af8e-4eb8-8e03-84b31b522623","User Role":"Musician"}
{"level":"info","timestamp":"2024-09-14T13:14:49.272Z","msg":"Token successfully verified for user","User ID":"a977b726-af8e-4eb8-8e03-84b31b522623","User Role":"Musician"}
{"level":"info","timestamp":"2024-09-14T13:14:53.333Z","msg":"Successfully received own musician albums","Musician ID":"a977b726-af8e-4eb8-8e03-84b31b522623"}
{"level":"info","timestamp":"2024-09-14T13:14:55.430Z","msg":"Album successfully created","Album ID":"2072ee69-c15d-48a1-9282-292b9a82d7f3","Album Name":"A"}
{"level":"info","timestamp":"2024-09-14T13:14:56.281Z","msg":"Successfully received own musician albums","Musician ID":"a977b726-af8e-4eb8-8e03-84b31b522623"}
{"level":"info","timestamp":"2024-09-14T13:15:11.454Z","msg":"Musician successfully received by album ID","Album ID":"2072ee69-c15d-48a1-9282-292b9a82d7f3"}
{"level":"info","timestamp":"2024-09-14T13:15:11.499Z","msg":"Genres successfully added for track","Track ID":"1953904b-6748-4e19-898b-302018ff9086"}
{"level":"info","timestamp":"2024-09-14T13:15:11.499Z","msg":"Track successfully created","Track ID":"1953904b-6748-4e19-898b-302018ff9086","Album ID":"2072ee69-c15d-48a1-9282-292b9a82d7f3","Track name":"t","Track URL":"http://minio:9000/music/1953904b-6748-4e19-898b-302018ff9086"}
{"level":"info","timestamp":"2024-09-14T13:15:16.278Z","msg":"Successfully published album","Album ID":"2072ee69-c15d-48a1-9282-292b9a82d7f3"}
{"level":"info","timestamp":"2024-09-14T13:15:30.160Z","msg":"User successfully registered","User ID":"319deb2a-e978-40c6-8588-efe97d4bcf19"}
{"level":"info","timestamp":"2024-09-14T13:15:32.327Z","msg":"User successfully authorized","User ID":"319deb2a-e978-40c6-8588-efe97d4bcf19","User Role":"User"}
{"level":"info","timestamp":"2024-09-14T13:15:32.327Z","msg":"Token successfully verified for user","User ID":"319deb2a-e978-40c6-8588-efe97d4bcf19","User Role":"User"}
{"level":"info","timestamp":"2024-09-14T13:15:40.429Z","msg":"Comment successfully posted","Comment ID":"fb685e03-b3ea-4893-8496-98f10791533c","User ID":"319deb2a-e978-40c6-8588-efe97d4bcf19","Track ID":"1953904b-6748-4e19-898b-302018ff9086"}
{"level":"info","timestamp":"2024-09-14T13:17:09.269Z","msg":"Musician successfully registered","Musician ID":"d6940e30-88d4-46a4-8fd4-cb4cc3fb503d"}
{"level":"info","timestamp":"2024-09-14T13:17:11.587Z","msg":"User successfully authorized","User ID":"d6940e30-88d4-46a4-8fd4-cb4cc3fb503d","User Role":"Musician"}
{"level":"info","timestamp":"2024-09-14T13:17:11.588Z","msg":"Token successfully verified for user","User ID":"d6940e30-88d4-46a4-8fd4-cb4cc3fb503d","User Role":"Musician"}
{"level":"info","timestamp":"2024-09-14T13:17:14.402Z","msg":"Album successfully created","Album ID":"c895b938-a4de-4fa2-87b9-d2fb32748500","Album Name":"A"}
{"level":"info","timestamp":"2024-09-14T13:17:16.910Z","msg":"Successfully received own musician albums","Musician ID":"d6940e30-88d4-46a4-8fd4-cb4cc3fb503d"}
{"level":"info","timestamp":"2024-09-14T13:17:31.392Z","msg":"Musician successfully received by album ID","Album ID":"c895b938-a4de-4fa2-87b9-d2fb32748500"}
{"level":"info","timestamp":"2024-09-14T13:17:31.432Z","msg":"Genres successfully added for track","Track ID":"8ab65e4d-7361-4a31-aa44-459a4b6b1a61"}
{"level":"info","timestamp":"2024-09-14T13:17:31.432Z","msg":"Track successfully created","Track ID":"8ab65e4d-7361-4a31-aa44-459a4b6b1a61","Album ID":"c895b938-a4de-4fa2-87b9-d2fb32748500","Track name":"track","Track URL":"http://minio:9000/music/8ab65e4d-7361-4a31-aa44-459a4b6b1a61"}
{"level":"info","timestamp":"2024-09-14T13:17:34.775Z","msg":"Successfully published album","Album ID":"c895b938-a4de-4fa2-87b9-d2fb32748500"}
{"level":"info","timestamp":"2024-09-14T13:17:45.280Z","msg":"User successfully registered","User ID":"422acd28-a046-4f8c-8a20-14af8cd201c1"}
{"level":"info","timestamp":"2024-09-14T13:17:51.032Z","msg":"User successfully authorized","User ID":"422acd28-a046-4f8c-8a20-14af8cd201c1","User Role":"User"}
{"level":"info","timestamp":"2024-09-14T13:17:51.033Z","msg":"Token successfully verified for user","User ID":"422acd28-a046-4f8c-8a20-14af8cd201c1","User Role":"User"}
{"level":"info","timestamp":"2024-09-14T13:18:03.697Z","msg":"Comment successfully posted","Comment ID":"48757436-d74e-4864-a218-f5968f9f40a3","User ID":"422acd28-a046-4f8c-8a20-14af8cd201c1","Track ID":"8ab65e4d-7361-4a31-aa44-459a4b6b1a61"}
{"level":"info","timestamp":"2024-09-14T13:20:37.070Z","msg":"Comment successfully posted","Comment ID":"c8d64c91-b8e1-4659-9c66-647de1d285c5","User ID":"422acd28-a046-4f8c-8a20-14af8cd201c1","Track ID":"8ab65e4d-7361-4a31-aa44-459a4b6b1a61"}
{"level":"info","timestamp":"2024-09-14T13:22:44.768Z","msg":"Musician successfully registered","Musician ID":"569c8a89-0c41-4654-ade0-943aab56de02"}
{"level":"info","timestamp":"2024-09-14T13:22:46.177Z","msg":"User successfully authorized","User ID":"569c8a89-0c41-4654-ade0-943aab56de02","User Role":"Musician"}
{"level":"info","timestamp":"2024-09-14T13:22:46.178Z","msg":"Token successfully verified for user","User ID":"569c8a89-0c41-4654-ade0-943aab56de02","User Role":"Musician"}
{"level":"info","timestamp":"2024-09-14T13:22:51.168Z","msg":"User successfully authorized","User ID":"569c8a89-0c41-4654-ade0-943aab56de02","User Role":"Musician"}
{"level":"info","timestamp":"2024-09-14T13:22:51.169Z","msg":"Token successfully verified for user","User ID":"569c8a89-0c41-4654-ade0-943aab56de02","User Role":"Musician"}
{"level":"info","timestamp":"2024-09-14T13:22:52.831Z","msg":"Album successfully created","Album ID":"9568b5bd-fffa-43ce-ae6e-8b4c85fe777e","Album Name":"a"}
{"level":"info","timestamp":"2024-09-14T13:22:57.071Z","msg":"Successfully received own musician albums","Musician ID":"569c8a89-0c41-4654-ade0-943aab56de02"}
{"level":"info","timestamp":"2024-09-14T13:23:14.247Z","msg":"Musician successfully received by album ID","Album ID":"9568b5bd-fffa-43ce-ae6e-8b4c85fe777e"}
{"level":"info","timestamp":"2024-09-14T13:23:14.297Z","msg":"Genres successfully added for track","Track ID":"8d1b92c6-f8ab-4f69-be5d-463e19e77932"}
{"level":"info","timestamp":"2024-09-14T13:23:14.297Z","msg":"Track successfully created","Track ID":"8d1b92c6-f8ab-4f69-be5d-463e19e77932","Album ID":"9568b5bd-fffa-43ce-ae6e-8b4c85fe777e","Track name":"f","Track URL":"http://minio:9000/music/8d1b92c6-f8ab-4f69-be5d-463e19e77932"}
{"level":"info","timestamp":"2024-09-14T13:23:16.364Z","msg":"Successfully published album","Album ID":"9568b5bd-fffa-43ce-ae6e-8b4c85fe777e"}
{"level":"info","timestamp":"2024-09-14T13:23:27.350Z","msg":"User successfully registered","User ID":"253ec062-32eb-48d2-8a32-b85f885f34d8"}
{"level":"info","timestamp":"2024-09-14T13:23:29.403Z","msg":"User successfully authorized","User ID":"253ec062-32eb-48d2-8a32-b85f885f34d8","User Role":"User"}
{"level":"info","timestamp":"2024-09-14T13:23:29.404Z","msg":"Token successfully verified for user","User ID":"253ec062-32eb-48d2-8a32-b85f885f34d8","User Role":"User"}
{"level":"info","timestamp":"2024-09-14T13:23:39.702Z","msg":"Comment successfully posted","Comment ID":"dc12332a-6661-4977-8006-5c59f98fc46b","User ID":"253ec062-32eb-48d2-8a32-b85f885f34d8","Track ID":"8d1b92c6-f8ab-4f69-be5d-463e19e77932"}
{"level":"info","timestamp":"2024-09-14T13:26:58.328Z","msg":"Musician successfully registered","Musician ID":"4ebb6285-c27d-4b09-b100-4fbc6984442c"}
{"level":"info","timestamp":"2024-09-14T13:27:06.087Z","msg":"User successfully authorized","User ID":"4ebb6285-c27d-4b09-b100-4fbc6984442c","User Role":"Musician"}
{"level":"info","timestamp":"2024-09-14T13:27:06.087Z","msg":"Token successfully verified for user","User ID":"4ebb6285-c27d-4b09-b100-4fbc6984442c","User Role":"Musician"}
{"level":"info","timestamp":"2024-09-14T13:27:29.662Z","msg":"Album successfully created","Album ID":"50149c5b-9213-48e7-a0da-4a7840237b9b","Album Name":"a"}
{"level":"info","timestamp":"2024-09-14T13:27:30.700Z","msg":"Successfully received own musician albums","Musician ID":"4ebb6285-c27d-4b09-b100-4fbc6984442c"}
{"level":"info","timestamp":"2024-09-14T13:27:41.220Z","msg":"Musician successfully received by album ID","Album ID":"50149c5b-9213-48e7-a0da-4a7840237b9b"}
{"level":"info","timestamp":"2024-09-14T13:27:41.292Z","msg":"Genres successfully added for track","Track ID":"81455a1f-7f81-44d4-9d2c-e0d652d3eade"}
{"level":"info","timestamp":"2024-09-14T13:27:41.293Z","msg":"Track successfully created","Track ID":"81455a1f-7f81-44d4-9d2c-e0d652d3eade","Album ID":"50149c5b-9213-48e7-a0da-4a7840237b9b","Track name":"f","Track URL":"http://minio:9000/music/81455a1f-7f81-44d4-9d2c-e0d652d3eade"}
{"level":"info","timestamp":"2024-09-14T13:27:45.417Z","msg":"Successfully published album","Album ID":"50149c5b-9213-48e7-a0da-4a7840237b9b"}
{"level":"info","timestamp":"2024-09-14T13:27:56.821Z","msg":"User successfully registered","User ID":"504024f3-c057-4ab3-8c75-238e9eb03a7b"}
{"level":"info","timestamp":"2024-09-14T13:27:58.202Z","msg":"User successfully authorized","User ID":"504024f3-c057-4ab3-8c75-238e9eb03a7b","User Role":"User"}
{"level":"info","timestamp":"2024-09-14T13:27:58.202Z","msg":"Token successfully verified for user","User ID":"504024f3-c057-4ab3-8c75-238e9eb03a7b","User Role":"User"}
{"level":"info","timestamp":"2024-09-14T13:28:06.249Z","msg":"Comment successfully posted","Comment ID":"060198ce-1076-43fd-aff7-13440cbdea81","User ID":"504024f3-c057-4ab3-8c75-238e9eb03a7b","Track ID":"81455a1f-7f81-44d4-9d2c-e0d652d3eade"}
{"level":"info","timestamp":"2024-09-14T13:32:53.185Z","msg":"Musician successfully registered","Musician ID":"09bfdadc-4c5f-4a39-963d-b61da2963981"}
{"level":"info","timestamp":"2024-09-14T13:32:55.158Z","msg":"User successfully authorized","User ID":"09bfdadc-4c5f-4a39-963d-b61da2963981","User Role":"Musician"}
{"level":"info","timestamp":"2024-09-14T13:32:55.158Z","msg":"Token successfully verified for user","User ID":"09bfdadc-4c5f-4a39-963d-b61da2963981","User Role":"Musician"}
{"level":"info","timestamp":"2024-09-14T13:32:57.835Z","msg":"Album successfully created","Album ID":"743e9ea6-8104-4fdd-845d-7ed22d12949d","Album Name":"a"}
{"level":"info","timestamp":"2024-09-14T13:32:59.515Z","msg":"Successfully received own musician albums","Musician ID":"09bfdadc-4c5f-4a39-963d-b61da2963981"}
{"level":"info","timestamp":"2024-09-14T13:33:18.598Z","msg":"Musician successfully received by album ID","Album ID":"743e9ea6-8104-4fdd-845d-7ed22d12949d"}
{"level":"info","timestamp":"2024-09-14T13:33:18.662Z","msg":"Genres successfully added for track","Track ID":"a7ae24b2-bbe7-48b2-8ed3-bb288ef9e7cd"}
{"level":"info","timestamp":"2024-09-14T13:33:18.662Z","msg":"Track successfully created","Track ID":"a7ae24b2-bbe7-48b2-8ed3-bb288ef9e7cd","Album ID":"743e9ea6-8104-4fdd-845d-7ed22d12949d","Track name":"f","Track URL":"http://minio:9000/music/a7ae24b2-bbe7-48b2-8ed3-bb288ef9e7cd"}
{"level":"info","timestamp":"2024-09-14T13:33:22.386Z","msg":"Own tracks successfully received by musician ID","Musician ID":"09bfdadc-4c5f-4a39-963d-b61da2963981"}
{"level":"info","timestamp":"2024-09-14T13:33:25.012Z","msg":"Successfully published album","Album ID":"743e9ea6-8104-4fdd-845d-7ed22d12949d"}
{"level":"info","timestamp":"2024-09-14T13:33:58.772Z","msg":"User successfully registered","User ID":"9d8119e9-c9c5-4bdf-bdb1-471e55b7348e"}
{"level":"info","timestamp":"2024-09-14T13:34:10.052Z","msg":"User successfully authorized","User ID":"9d8119e9-c9c5-4bdf-bdb1-471e55b7348e","User Role":"User"}
{"level":"info","timestamp":"2024-09-14T13:34:10.052Z","msg":"Token successfully verified for user","User ID":"9d8119e9-c9c5-4bdf-bdb1-471e55b7348e","User Role":"User"}
{"level":"info","timestamp":"2024-09-14T13:34:21.879Z","msg":"Comment successfully posted","Comment ID":"b7776253-c5ae-4462-b60c-6f9462318058","User ID":"9d8119e9-c9c5-4bdf-bdb1-471e55b7348e","Track ID":"a7ae24b2-bbe7-48b2-8ed3-bb288ef9e7cd"}
{"level":"info","timestamp":"2024-09-14T13:35:51.911Z","msg":"Musician successfully registered","Musician ID":"6cb976e2-d0b7-4122-afd4-89e9683dba36"}
{"level":"info","timestamp":"2024-09-14T13:35:53.629Z","msg":"User successfully authorized","User ID":"6cb976e2-d0b7-4122-afd4-89e9683dba36","User Role":"Musician"}
{"level":"info","timestamp":"2024-09-14T13:35:53.629Z","msg":"Token successfully verified for user","User ID":"6cb976e2-d0b7-4122-afd4-89e9683dba36","User Role":"Musician"}
{"level":"info","timestamp":"2024-09-14T13:35:59.269Z","msg":"Album successfully created","Album ID":"a328b8bb-8a8a-4903-846f-4edb011322d5","Album Name":"a"}
{"level":"info","timestamp":"2024-09-14T13:36:02.415Z","msg":"Successfully received own musician albums","Musician ID":"6cb976e2-d0b7-4122-afd4-89e9683dba36"}
{"level":"info","timestamp":"2024-09-14T13:36:12.780Z","msg":"Musician successfully received by album ID","Album ID":"a328b8bb-8a8a-4903-846f-4edb011322d5"}
{"level":"info","timestamp":"2024-09-14T13:36:12.820Z","msg":"Genres successfully added for track","Track ID":"3434619f-ce4e-41cf-850e-9d77b88c9ad5"}
{"level":"info","timestamp":"2024-09-14T13:36:12.820Z","msg":"Track successfully created","Track ID":"3434619f-ce4e-41cf-850e-9d77b88c9ad5","Album ID":"a328b8bb-8a8a-4903-846f-4edb011322d5","Track name":"t","Track URL":"http://minio:9000/music/3434619f-ce4e-41cf-850e-9d77b88c9ad5"}
{"level":"info","timestamp":"2024-09-14T13:36:25.925Z","msg":"Own tracks successfully received by musician ID","Musician ID":"6cb976e2-d0b7-4122-afd4-89e9683dba36"}
{"level":"info","timestamp":"2024-09-14T13:36:28.148Z","msg":"Successfully published album","Album ID":"a328b8bb-8a8a-4903-846f-4edb011322d5"}
{"level":"info","timestamp":"2024-09-14T13:36:42.560Z","msg":"User successfully registered","User ID":"23bf714f-7687-4509-9812-58c73210e3c8"}
{"level":"info","timestamp":"2024-09-14T13:36:47.037Z","msg":"User successfully authorized","User ID":"23bf714f-7687-4509-9812-58c73210e3c8","User Role":"User"}
{"level":"info","timestamp":"2024-09-14T13:36:47.037Z","msg":"Token successfully verified for user","User ID":"23bf714f-7687-4509-9812-58c73210e3c8","User Role":"User"}
{"level":"error","timestamp":"2024-09-14T13:37:01.838Z","msg":"Failed to post comment","error":"comment repository internal error: ERROR: division by zero (SQLSTATE 22012)","Comment ID":"7bf89b2d-113a-421f-ab25-695f0bbc1bb9","User ID":"23bf714f-7687-4509-9812-58c73210e3c8","Track ID":"3434619f-ce4e-41cf-850e-9d77b88c9ad5"}
{"level":"info","timestamp":"2024-09-14T13:38:32.848Z","msg":"Musician successfully registered","Musician ID":"acf93bff-74ba-4758-9bb7-6b9ee4e17a57"}
{"level":"info","timestamp":"2024-09-14T13:38:34.265Z","msg":"User successfully authorized","User ID":"acf93bff-74ba-4758-9bb7-6b9ee4e17a57","User Role":"Musician"}
{"level":"info","timestamp":"2024-09-14T13:38:34.265Z","msg":"Token successfully verified for user","User ID":"acf93bff-74ba-4758-9bb7-6b9ee4e17a57","User Role":"Musician"}
{"level":"info","timestamp":"2024-09-14T13:38:37.815Z","msg":"Album successfully created","Album ID":"cf340c8c-b0ac-4090-9626-28cc7c43eb52","Album Name":"a"}
{"level":"info","timestamp":"2024-09-14T13:38:38.814Z","msg":"Successfully received own musician albums","Musician ID":"acf93bff-74ba-4758-9bb7-6b9ee4e17a57"}
{"level":"info","timestamp":"2024-09-14T13:38:48.277Z","msg":"Musician successfully received by album ID","Album ID":"cf340c8c-b0ac-4090-9626-28cc7c43eb52"}
{"level":"info","timestamp":"2024-09-14T13:38:48.322Z","msg":"Genres successfully added for track","Track ID":"13982efb-0c7c-48be-8aea-58b7564262ba"}
{"level":"info","timestamp":"2024-09-14T13:38:48.322Z","msg":"Track successfully created","Track ID":"13982efb-0c7c-48be-8aea-58b7564262ba","Album ID":"cf340c8c-b0ac-4090-9626-28cc7c43eb52","Track name":"f","Track URL":"http://minio:9000/music/13982efb-0c7c-48be-8aea-58b7564262ba"}
{"level":"info","timestamp":"2024-09-14T13:38:50.213Z","msg":"Successfully published album","Album ID":"cf340c8c-b0ac-4090-9626-28cc7c43eb52"}
{"level":"error","timestamp":"2024-09-14T13:38:54.172Z","msg":"Failed to authorize user","error":"authentication error: incorrect name","User Name":"f"}
{"level":"info","timestamp":"2024-09-14T13:39:03.442Z","msg":"User successfully registered","User ID":"6b54ab92-cef6-474a-88dc-4b9fe166b250"}
{"level":"info","timestamp":"2024-09-14T13:39:06.071Z","msg":"User successfully authorized","User ID":"6b54ab92-cef6-474a-88dc-4b9fe166b250","User Role":"User"}
{"level":"info","timestamp":"2024-09-14T13:39:06.072Z","msg":"Token successfully verified for user","User ID":"6b54ab92-cef6-474a-88dc-4b9fe166b250","User Role":"User"}
{"level":"info","timestamp":"2024-09-14T13:39:21.344Z","msg":"Comment successfully posted","Comment ID":"b6764b19-0d54-43b9-a8d9-2511c95f5e17","User ID":"6b54ab92-cef6-474a-88dc-4b9fe166b250","Track ID":"13982efb-0c7c-48be-8aea-58b7564262ba"}
{"level":"info","timestamp":"2024-09-14T13:39:56.336Z","msg":"Comment successfully posted","Comment ID":"6f185a18-54ed-4b4e-8583-92d6e8319dd2","User ID":"6b54ab92-cef6-474a-88dc-4b9fe166b250","Track ID":"13982efb-0c7c-48be-8aea-58b7564262ba"}
{"level":"info","timestamp":"2024-09-14T13:42:21.462Z","msg":"Musician successfully registered","Musician ID":"64a9b14b-3056-4a58-aa07-a3c3f05eff65"}
{"level":"info","timestamp":"2024-09-14T13:42:23.912Z","msg":"User successfully authorized","User ID":"64a9b14b-3056-4a58-aa07-a3c3f05eff65","User Role":"Musician"}
{"level":"info","timestamp":"2024-09-14T13:42:23.913Z","msg":"Token successfully verified for user","User ID":"64a9b14b-3056-4a58-aa07-a3c3f05eff65","User Role":"Musician"}
{"level":"info","timestamp":"2024-09-14T13:42:30.294Z","msg":"Album successfully created","Album ID":"41d88b26-c1d2-4a32-9311-88d767d2a8c5","Album Name":"a"}
{"level":"info","timestamp":"2024-09-14T13:42:31.753Z","msg":"Successfully received own musician albums","Musician ID":"64a9b14b-3056-4a58-aa07-a3c3f05eff65"}
{"level":"info","timestamp":"2024-09-14T13:42:35.583Z","msg":"Successfully published album","Album ID":"41d88b26-c1d2-4a32-9311-88d767d2a8c5"}
{"level":"info","timestamp":"2024-09-14T13:42:45.261Z","msg":"Musician successfully received by album ID","Album ID":"41d88b26-c1d2-4a32-9311-88d767d2a8c5"}
{"level":"info","timestamp":"2024-09-14T13:42:45.305Z","msg":"Genres successfully added for track","Track ID":"32572ae5-1ebf-4ec5-8104-cbf32c5e5b86"}
{"level":"info","timestamp":"2024-09-14T13:42:45.305Z","msg":"Track successfully created","Track ID":"32572ae5-1ebf-4ec5-8104-cbf32c5e5b86","Album ID":"41d88b26-c1d2-4a32-9311-88d767d2a8c5","Track name":"f","Track URL":"http://minio:9000/music/32572ae5-1ebf-4ec5-8104-cbf32c5e5b86"}
{"level":"info","timestamp":"2024-09-14T13:42:57.330Z","msg":"User successfully registered","User ID":"cee0ef8f-7aae-49de-87a5-772f81b77b04"}
{"level":"info","timestamp":"2024-09-14T13:42:59.986Z","msg":"User successfully authorized","User ID":"cee0ef8f-7aae-49de-87a5-772f81b77b04","User Role":"User"}
{"level":"info","timestamp":"2024-09-14T13:42:59.986Z","msg":"Token successfully verified for user","User ID":"cee0ef8f-7aae-49de-87a5-772f81b77b04","User Role":"User"}
{"level":"info","timestamp":"2024-09-14T13:43:11.224Z","msg":"Comment successfully posted","Comment ID":"91c62b88-cd24-4a94-b188-427bf1485805","User ID":"cee0ef8f-7aae-49de-87a5-772f81b77b04","Track ID":"32572ae5-1ebf-4ec5-8104-cbf32c5e5b86"}
{"level":"info","timestamp":"2024-09-14T13:43:19.464Z","msg":"Comment successfully posted","Comment ID":"e356e758-6cd4-4981-9302-0588ffef7fae","User ID":"cee0ef8f-7aae-49de-87a5-772f81b77b04","Track ID":"32572ae5-1ebf-4ec5-8104-cbf32c5e5b86"}
{"level":"info","timestamp":"2024-09-14T13:43:41.707Z","msg":"Comment successfully posted","Comment ID":"3b409977-f361-4e1f-b118-681889741913","User ID":"cee0ef8f-7aae-49de-87a5-772f81b77b04","Track ID":"32572ae5-1ebf-4ec5-8104-cbf32c5e5b86"}
{"level":"info","timestamp":"2024-09-14T13:43:56.095Z","msg":"Comments successfully received by user ID","User ID":"cee0ef8f-7aae-49de-87a5-772f81b77b04"}
{"level":"info","timestamp":"2024-09-14T13:46:31.981Z","msg":"Track successfully added to statistics","User ID":"cee0ef8f-7aae-49de-87a5-772f81b77b04","Track ID":"32572ae5-1ebf-4ec5-8104-cbf32c5e5b86"}
{"level":"info","timestamp":"2024-09-14T13:46:34.873Z","msg":"Musician successfully received by id","Musician ID":"64a9b14b-3056-4a58-aa07-a3c3f05eff65"}
{"level":"info","timestamp":"2024-09-14T13:46:34.874Z","msg":"Report successfully created","User ID":"cee0ef8f-7aae-49de-87a5-772f81b77b04"}
{"level":"info","timestamp":"2024-09-14T13:46:41.644Z","msg":"Track successfully added to statistics","User ID":"cee0ef8f-7aae-49de-87a5-772f81b77b04","Track ID":"32572ae5-1ebf-4ec5-8104-cbf32c5e5b86"}
{"level":"info","timestamp":"2024-09-14T13:46:42.238Z","msg":"Musician successfully received by id","Musician ID":"64a9b14b-3056-4a58-aa07-a3c3f05eff65"}
{"level":"info","timestamp":"2024-09-14T13:46:42.239Z","msg":"Report successfully created","User ID":"cee0ef8f-7aae-49de-87a5-772f81b77b04"}
{"level":"info","timestamp":"2024-09-17T15:18:54.325Z","msg":"User successfully registered","User ID":"d0e3b84c-cb10-42b2-9294-434a24ea7c5e"}
{"level":"info","timestamp":"2024-09-17T15:18:56.816Z","msg":"User successfully authorized","User ID":"d0e3b84c-cb10-42b2-9294-434a24ea7c5e","User Role":"User"}
{"level":"info","timestamp":"2024-09-17T15:18:56.817Z","msg":"Token successfully verified for user","User ID":"d0e3b84c-cb10-42b2-9294-434a24ea7c5e","User Role":"User"}
